{"D:\\Development\\Web_Api_Backend\\index.js": {"path":"D:\\Development\\Web_Api_Backend\\index.js","statementMap":{"0":{"start":{"line":1,"column":0},"end":{"line":1,"column":27}},"1":{"start":{"line":2,"column":13},"end":{"line":2,"column":28}},"2":{"start":{"line":3,"column":19},"end":{"line":3,"column":39}},"3":{"start":{"line":4,"column":16},"end":{"line":4,"column":34}},"4":{"start":{"line":5,"column":13},"end":{"line":5,"column":28}},"5":{"start":{"line":6,"column":22},"end":{"line":6,"column":44}},"6":{"start":{"line":7,"column":19},"end":{"line":7,"column":49}},"7":{"start":{"line":8,"column":22},"end":{"line":8,"column":55}},"8":{"start":{"line":9,"column":23},"end":{"line":9,"column":57}},"9":{"start":{"line":10,"column":27},"end":{"line":10,"column":65}},"10":{"start":{"line":11,"column":20},"end":{"line":11,"column":57}},"11":{"start":{"line":12,"column":18},"end":{"line":12,"column":53}},"12":{"start":{"line":13,"column":22},"end":{"line":13,"column":61}},"13":{"start":{"line":14,"column":23},"end":{"line":14,"column":63}},"14":{"start":{"line":15,"column":22},"end":{"line":15,"column":61}},"15":{"start":{"line":16,"column":27},"end":{"line":16,"column":71}},"16":{"start":{"line":17,"column":27},"end":{"line":17,"column":71}},"17":{"start":{"line":18,"column":19},"end":{"line":18,"column":55}},"18":{"start":{"line":19,"column":30},"end":{"line":19,"column":61}},"19":{"start":{"line":20,"column":13},"end":{"line":20,"column":28}},"20":{"start":{"line":21,"column":12},"end":{"line":21,"column":21}},"21":{"start":{"line":22,"column":20},"end":{"line":24,"column":1}},"22":{"start":{"line":26,"column":0},"end":{"line":26,"column":12}},"23":{"start":{"line":27,"column":0},"end":{"line":29,"column":1}},"24":{"start":{"line":28,"column":2},"end":{"line":28,"column":22}},"25":{"start":{"line":30,"column":0},"end":{"line":30,"column":24}},"26":{"start":{"line":31,"column":0},"end":{"line":31,"column":27}},"27":{"start":{"line":32,"column":0},"end":{"line":32,"column":69}},"28":{"start":{"line":33,"column":15},"end":{"line":33,"column":37}},"29":{"start":{"line":34,"column":11},"end":{"line":34,"column":62}},"30":{"start":{"line":36,"column":0},"end":{"line":36,"column":33}},"31":{"start":{"line":37,"column":0},"end":{"line":37,"column":44}},"32":{"start":{"line":38,"column":0},"end":{"line":38,"column":46}},"33":{"start":{"line":39,"column":0},"end":{"line":39,"column":54}},"34":{"start":{"line":40,"column":0},"end":{"line":40,"column":40}},"35":{"start":{"line":44,"column":0},"end":{"line":44,"column":37}},"36":{"start":{"line":47,"column":0},"end":{"line":47,"column":54}},"37":{"start":{"line":50,"column":0},"end":{"line":50,"column":56}},"38":{"start":{"line":53,"column":0},"end":{"line":53,"column":54}},"39":{"start":{"line":56,"column":0},"end":{"line":56,"column":56}},"40":{"start":{"line":59,"column":0},"end":{"line":59,"column":56}},"41":{"start":{"line":62,"column":0},"end":{"line":62,"column":40}},"42":{"start":{"line":64,"column":0},"end":{"line":89,"column":3}},"43":{"start":{"line":65,"column":2},"end":{"line":65,"column":46}},"44":{"start":{"line":67,"column":2},"end":{"line":72,"column":5}},"45":{"start":{"line":68,"column":4},"end":{"line":68,"column":24}},"46":{"start":{"line":69,"column":4},"end":{"line":71,"column":6}},"47":{"start":{"line":75,"column":2},"end":{"line":78,"column":5}},"48":{"start":{"line":76,"column":4},"end":{"line":76,"column":32}},"49":{"start":{"line":77,"column":4},"end":{"line":77,"column":68}},"50":{"start":{"line":81,"column":2},"end":{"line":84,"column":5}},"51":{"start":{"line":83,"column":4},"end":{"line":83,"column":65}},"52":{"start":{"line":86,"column":2},"end":{"line":88,"column":5}},"53":{"start":{"line":87,"column":4},"end":{"line":87,"column":48}},"54":{"start":{"line":96,"column":0},"end":{"line":96,"column":21}}},"fnMap":{"0":{"name":"(anonymous_0)","decl":{"start":{"line":64,"column":20},"end":{"line":64,"column":21}},"loc":{"start":{"line":64,"column":32},"end":{"line":89,"column":1}},"line":64},"1":{"name":"(anonymous_1)","decl":{"start":{"line":67,"column":30},"end":{"line":67,"column":31}},"loc":{"start":{"line":67,"column":42},"end":{"line":72,"column":3}},"line":67},"2":{"name":"(anonymous_2)","decl":{"start":{"line":75,"column":33},"end":{"line":75,"column":34}},"loc":{"start":{"line":75,"column":53},"end":{"line":78,"column":3}},"line":75},"3":{"name":"(anonymous_3)","decl":{"start":{"line":81,"column":28},"end":{"line":81,"column":29}},"loc":{"start":{"line":81,"column":38},"end":{"line":84,"column":3}},"line":81},"4":{"name":"(anonymous_4)","decl":{"start":{"line":86,"column":26},"end":{"line":86,"column":27}},"loc":{"start":{"line":86,"column":32},"end":{"line":88,"column":3}},"line":86}},"branchMap":{"0":{"loc":{"start":{"line":27,"column":0},"end":{"line":29,"column":1}},"type":"if","locations":[{"start":{"line":27,"column":0},"end":{"line":29,"column":1}},{"start":{},"end":{}}],"line":27}},"s":{"0":5,"1":5,"2":5,"3":5,"4":5,"5":5,"6":5,"7":5,"8":5,"9":5,"10":5,"11":5,"12":5,"13":5,"14":5,"15":5,"16":5,"17":5,"18":5,"19":5,"20":5,"21":5,"22":5,"23":5,"24":0,"25":5,"26":5,"27":5,"28":5,"29":5,"30":5,"31":5,"32":5,"33":5,"34":5,"35":5,"36":5,"37":5,"38":5,"39":5,"40":5,"41":5,"42":5,"43":0,"44":0,"45":0,"46":0,"47":0,"48":0,"49":0,"50":0,"51":0,"52":0,"53":0,"54":5},"f":{"0":0,"1":0,"2":0,"3":0,"4":0},"b":{"0":[0,5]},"_coverageSchema":"1a1c01bbd47fc00a2c39e90264f33305004495a9","hash":"ce42a8f76f48daa53bcd7addf92847ac86b67eb2"}
,"D:\\Development\\Web_Api_Backend\\config\\db.js": {"path":"D:\\Development\\Web_Api_Backend\\config\\db.js","statementMap":{"0":{"start":{"line":1,"column":17},"end":{"line":1,"column":36}},"1":{"start":{"line":2,"column":26},"end":{"line":2,"column":49}},"2":{"start":{"line":4,"column":0},"end":{"line":11,"column":1}},"3":{"start":{"line":5,"column":4},"end":{"line":10,"column":5}},"4":{"start":{"line":6,"column":8},"end":{"line":6,"column":49}},"5":{"start":{"line":7,"column":8},"end":{"line":7,"column":40}},"6":{"start":{"line":9,"column":8},"end":{"line":9,"column":52}}},"fnMap":{"0":{"name":"(anonymous_0)","decl":{"start":{"line":4,"column":20},"end":{"line":4,"column":21}},"loc":{"start":{"line":4,"column":36},"end":{"line":11,"column":1}},"line":4}},"branchMap":{},"s":{"0":5,"1":5,"2":5,"3":5,"4":5,"5":5,"6":0},"f":{"0":5},"b":{},"_coverageSchema":"1a1c01bbd47fc00a2c39e90264f33305004495a9","hash":"d3a74a94d5d83d028fad236462e4754464689613"}
,"D:\\Development\\Web_Api_Backend\\controllers\\checkoutController.js": {"path":"D:\\Development\\Web_Api_Backend\\controllers\\checkoutController.js","statementMap":{"0":{"start":{"line":1,"column":13},"end":{"line":1,"column":38}},"1":{"start":{"line":2,"column":21},"end":{"line":2,"column":54}},"2":{"start":{"line":3,"column":16},"end":{"line":3,"column":44}},"3":{"start":{"line":5,"column":0},"end":{"line":57,"column":2}},"4":{"start":{"line":6,"column":17},"end":{"line":6,"column":28}},"5":{"start":{"line":7,"column":45},"end":{"line":7,"column":53}},"6":{"start":{"line":9,"column":2},"end":{"line":14,"column":3}},"7":{"start":{"line":10,"column":4},"end":{"line":13,"column":7}},"8":{"start":{"line":16,"column":2},"end":{"line":56,"column":3}},"9":{"start":{"line":17,"column":17},"end":{"line":17,"column":44}},"10":{"start":{"line":18,"column":4},"end":{"line":20,"column":5}},"11":{"start":{"line":19,"column":6},"end":{"line":19,"column":66}},"12":{"start":{"line":22,"column":28},"end":{"line":28,"column":6}},"13":{"start":{"line":29,"column":4},"end":{"line":29,"column":33}},"14":{"start":{"line":31,"column":23},"end":{"line":37,"column":6}},"15":{"start":{"line":38,"column":4},"end":{"line":38,"column":28}},"16":{"start":{"line":40,"column":4},"end":{"line":40,"column":25}},"17":{"start":{"line":41,"column":4},"end":{"line":41,"column":22}},"18":{"start":{"line":43,"column":4},"end":{"line":52,"column":7}},"19":{"start":{"line":54,"column":4},"end":{"line":54,"column":44}},"20":{"start":{"line":55,"column":4},"end":{"line":55,"column":71}}},"fnMap":{"0":{"name":"(anonymous_0)","decl":{"start":{"line":5,"column":25},"end":{"line":5,"column":26}},"loc":{"start":{"line":5,"column":45},"end":{"line":57,"column":1}},"line":5}},"branchMap":{"0":{"loc":{"start":{"line":9,"column":2},"end":{"line":14,"column":3}},"type":"if","locations":[{"start":{"line":9,"column":2},"end":{"line":14,"column":3}},{"start":{},"end":{}}],"line":9},"1":{"loc":{"start":{"line":9,"column":6},"end":{"line":9,"column":65}},"type":"binary-expr","locations":[{"start":{"line":9,"column":6},"end":{"line":9,"column":11}},{"start":{"line":9,"column":15},"end":{"line":9,"column":46}},{"start":{"line":9,"column":50},"end":{"line":9,"column":65}}],"line":9},"2":{"loc":{"start":{"line":18,"column":4},"end":{"line":20,"column":5}},"type":"if","locations":[{"start":{"line":18,"column":4},"end":{"line":20,"column":5}},{"start":{},"end":{}}],"line":18},"3":{"loc":{"start":{"line":25,"column":20},"end":{"line":25,"column":51}},"type":"cond-expr","locations":[{"start":{"line":25,"column":31},"end":{"line":25,"column":39}},{"start":{"line":25,"column":42},"end":{"line":25,"column":51}}],"line":25},"4":{"loc":{"start":{"line":26,"column":13},"end":{"line":26,"column":60}},"type":"cond-expr","locations":[{"start":{"line":26,"column":24},"end":{"line":26,"column":40}},{"start":{"line":26,"column":43},"end":{"line":26,"column":60}}],"line":26},"5":{"loc":{"start":{"line":35,"column":21},"end":{"line":35,"column":52}},"type":"binary-expr","locations":[{"start":{"line":35,"column":21},"end":{"line":35,"column":42}},{"start":{"line":35,"column":46},"end":{"line":35,"column":52}}],"line":35}},"s":{"0":5,"1":5,"2":5,"3":5,"4":0,"5":0,"6":0,"7":0,"8":0,"9":0,"10":0,"11":0,"12":0,"13":0,"14":0,"15":0,"16":0,"17":0,"18":0,"19":0,"20":0},"f":{"0":0},"b":{"0":[0,0],"1":[0,0,0],"2":[0,0],"3":[0,0],"4":[0,0],"5":[0,0]},"_coverageSchema":"1a1c01bbd47fc00a2c39e90264f33305004495a9","hash":"82056ba08c9cb80db94d5818a6f727ed7408be8e"}
,"D:\\Development\\Web_Api_Backend\\controllers\\paymentController.js": {"path":"D:\\Development\\Web_Api_Backend\\controllers\\paymentController.js","statementMap":{"0":{"start":{"line":1,"column":16},"end":{"line":1,"column":44}},"1":{"start":{"line":3,"column":0},"end":{"line":18,"column":2}},"2":{"start":{"line":4,"column":4},"end":{"line":17,"column":5}},"3":{"start":{"line":6,"column":25},"end":{"line":6,"column":92}},"4":{"start":{"line":8,"column":8},"end":{"line":10,"column":9}},"5":{"start":{"line":9,"column":12},"end":{"line":9,"column":82}},"6":{"start":{"line":12,"column":8},"end":{"line":12,"column":39}},"7":{"start":{"line":15,"column":8},"end":{"line":15,"column":64}},"8":{"start":{"line":16,"column":8},"end":{"line":16,"column":59}},"9":{"start":{"line":20,"column":0},"end":{"line":53,"column":2}},"10":{"start":{"line":23,"column":18},"end":{"line":23,"column":26}},"11":{"start":{"line":26,"column":4},"end":{"line":49,"column":5}},"12":{"start":{"line":29,"column":35},"end":{"line":29,"column":65}},"13":{"start":{"line":33,"column":12},"end":{"line":33,"column":91}},"14":{"start":{"line":35,"column":12},"end":{"line":35,"column":18}},"15":{"start":{"line":39,"column":41},"end":{"line":39,"column":71}},"16":{"start":{"line":42,"column":12},"end":{"line":42,"column":94}},"17":{"start":{"line":44,"column":12},"end":{"line":44,"column":18}},"18":{"start":{"line":48,"column":12},"end":{"line":48,"column":62}},"19":{"start":{"line":52,"column":4},"end":{"line":52,"column":33}}},"fnMap":{"0":{"name":"(anonymous_0)","decl":{"start":{"line":3,"column":30},"end":{"line":3,"column":31}},"loc":{"start":{"line":3,"column":50},"end":{"line":18,"column":1}},"line":3},"1":{"name":"(anonymous_1)","decl":{"start":{"line":20,"column":31},"end":{"line":20,"column":32}},"loc":{"start":{"line":20,"column":51},"end":{"line":53,"column":1}},"line":20}},"branchMap":{"0":{"loc":{"start":{"line":8,"column":8},"end":{"line":10,"column":9}},"type":"if","locations":[{"start":{"line":8,"column":8},"end":{"line":10,"column":9}},{"start":{},"end":{}}],"line":8},"1":{"loc":{"start":{"line":8,"column":12},"end":{"line":8,"column":46}},"type":"binary-expr","locations":[{"start":{"line":8,"column":12},"end":{"line":8,"column":21}},{"start":{"line":8,"column":25},"end":{"line":8,"column":46}}],"line":8},"2":{"loc":{"start":{"line":26,"column":4},"end":{"line":49,"column":5}},"type":"switch","locations":[{"start":{"line":27,"column":8},"end":{"line":35,"column":18}},{"start":{"line":37,"column":8},"end":{"line":44,"column":18}},{"start":{"line":47,"column":8},"end":{"line":48,"column":62}}],"line":26}},"s":{"0":5,"1":5,"2":0,"3":0,"4":0,"5":0,"6":0,"7":0,"8":0,"9":5,"10":0,"11":0,"12":0,"13":0,"14":0,"15":0,"16":0,"17":0,"18":0,"19":0},"f":{"0":0,"1":0},"b":{"0":[0,0],"1":[0,0],"2":[0,0,0]},"_coverageSchema":"1a1c01bbd47fc00a2c39e90264f33305004495a9","hash":"91852a29ebb15c2d7267930a00904a473bb3c941"}
,"D:\\Development\\Web_Api_Backend\\controllers\\subscriptionController.js": {"path":"D:\\Development\\Web_Api_Backend\\controllers\\subscriptionController.js","statementMap":{"0":{"start":{"line":1,"column":21},"end":{"line":1,"column":54}},"1":{"start":{"line":3,"column":0},"end":{"line":19,"column":2}},"2":{"start":{"line":4,"column":2},"end":{"line":18,"column":3}},"3":{"start":{"line":5,"column":25},"end":{"line":8,"column":6}},"4":{"start":{"line":10,"column":4},"end":{"line":12,"column":5}},"5":{"start":{"line":11,"column":6},"end":{"line":11,"column":80}},"6":{"start":{"line":14,"column":4},"end":{"line":14,"column":39}},"7":{"start":{"line":16,"column":4},"end":{"line":16,"column":57}},"8":{"start":{"line":17,"column":4},"end":{"line":17,"column":55}},"9":{"start":{"line":21,"column":0},"end":{"line":45,"column":2}},"10":{"start":{"line":22,"column":2},"end":{"line":44,"column":3}},"11":{"start":{"line":23,"column":25},"end":{"line":26,"column":6}},"12":{"start":{"line":28,"column":4},"end":{"line":32,"column":5}},"13":{"start":{"line":29,"column":6},"end":{"line":31,"column":64}},"14":{"start":{"line":34,"column":4},"end":{"line":34,"column":37}},"15":{"start":{"line":35,"column":4},"end":{"line":35,"column":38}},"16":{"start":{"line":37,"column":4},"end":{"line":37,"column":30}},"17":{"start":{"line":38,"column":4},"end":{"line":40,"column":78}},"18":{"start":{"line":42,"column":4},"end":{"line":42,"column":58}},"19":{"start":{"line":43,"column":4},"end":{"line":43,"column":55}},"20":{"start":{"line":47,"column":0},"end":{"line":58,"column":2}},"21":{"start":{"line":48,"column":2},"end":{"line":57,"column":3}},"22":{"start":{"line":49,"column":26},"end":{"line":52,"column":5}},"23":{"start":{"line":53,"column":4},"end":{"line":53,"column":40}},"24":{"start":{"line":55,"column":4},"end":{"line":55,"column":62}},"25":{"start":{"line":56,"column":4},"end":{"line":56,"column":55}}},"fnMap":{"0":{"name":"(anonymous_0)","decl":{"start":{"line":3,"column":28},"end":{"line":3,"column":29}},"loc":{"start":{"line":3,"column":48},"end":{"line":19,"column":1}},"line":3},"1":{"name":"(anonymous_1)","decl":{"start":{"line":21,"column":29},"end":{"line":21,"column":30}},"loc":{"start":{"line":21,"column":49},"end":{"line":45,"column":1}},"line":21},"2":{"name":"(anonymous_2)","decl":{"start":{"line":47,"column":30},"end":{"line":47,"column":31}},"loc":{"start":{"line":47,"column":50},"end":{"line":58,"column":1}},"line":47}},"branchMap":{"0":{"loc":{"start":{"line":10,"column":4},"end":{"line":12,"column":5}},"type":"if","locations":[{"start":{"line":10,"column":4},"end":{"line":12,"column":5}},{"start":{},"end":{}}],"line":10},"1":{"loc":{"start":{"line":28,"column":4},"end":{"line":32,"column":5}},"type":"if","locations":[{"start":{"line":28,"column":4},"end":{"line":32,"column":5}},{"start":{},"end":{}}],"line":28}},"s":{"0":5,"1":5,"2":2,"3":2,"4":2,"5":1,"6":1,"7":0,"8":0,"9":5,"10":2,"11":2,"12":2,"13":1,"14":1,"15":1,"16":1,"17":1,"18":0,"19":0,"20":5,"21":1,"22":1,"23":1,"24":0,"25":0},"f":{"0":2,"1":2,"2":1},"b":{"0":[1,1],"1":[1,1]},"_coverageSchema":"1a1c01bbd47fc00a2c39e90264f33305004495a9","hash":"509ddadaf4fd31ec4a26383c397545e86adbdb99"}
,"D:\\Development\\Web_Api_Backend\\controllers\\userController.js": {"path":"D:\\Development\\Web_Api_Backend\\controllers\\userController.js","statementMap":{"0":{"start":{"line":1,"column":13},"end":{"line":1,"column":38}},"1":{"start":{"line":2,"column":15},"end":{"line":2,"column":32}},"2":{"start":{"line":3,"column":12},"end":{"line":3,"column":35}},"3":{"start":{"line":4,"column":19},"end":{"line":4,"column":40}},"4":{"start":{"line":7,"column":23},"end":{"line":14,"column":4}},"5":{"start":{"line":8,"column":2},"end":{"line":14,"column":4}},"6":{"start":{"line":16,"column":21},"end":{"line":57,"column":1}},"7":{"start":{"line":17,"column":46},"end":{"line":17,"column":54}},"8":{"start":{"line":18,"column":2},"end":{"line":56,"column":3}},"9":{"start":{"line":19,"column":4},"end":{"line":24,"column":5}},"10":{"start":{"line":20,"column":6},"end":{"line":23,"column":9}},"11":{"start":{"line":26,"column":25},"end":{"line":26,"column":54}},"12":{"start":{"line":27,"column":4},"end":{"line":32,"column":5}},"13":{"start":{"line":28,"column":6},"end":{"line":31,"column":9}},"14":{"start":{"line":34,"column":27},"end":{"line":34,"column":58}},"15":{"start":{"line":36,"column":20},"end":{"line":41,"column":6}},"16":{"start":{"line":43,"column":4},"end":{"line":43,"column":25}},"17":{"start":{"line":45,"column":4},"end":{"line":49,"column":7}},"18":{"start":{"line":51,"column":4},"end":{"line":51,"column":44}},"19":{"start":{"line":52,"column":4},"end":{"line":55,"column":7}},"20":{"start":{"line":59,"column":18},"end":{"line":109,"column":1}},"21":{"start":{"line":60,"column":30},"end":{"line":60,"column":38}},"22":{"start":{"line":62,"column":2},"end":{"line":108,"column":3}},"23":{"start":{"line":63,"column":4},"end":{"line":68,"column":5}},"24":{"start":{"line":64,"column":6},"end":{"line":67,"column":9}},"25":{"start":{"line":70,"column":17},"end":{"line":70,"column":46}},"26":{"start":{"line":71,"column":4},"end":{"line":76,"column":5}},"27":{"start":{"line":72,"column":6},"end":{"line":75,"column":9}},"28":{"start":{"line":78,"column":22},"end":{"line":78,"column":67}},"29":{"start":{"line":79,"column":4},"end":{"line":84,"column":5}},"30":{"start":{"line":80,"column":6},"end":{"line":83,"column":9}},"31":{"start":{"line":86,"column":20},"end":{"line":91,"column":5}},"32":{"start":{"line":93,"column":18},"end":{"line":95,"column":6}},"33":{"start":{"line":97,"column":4},"end":{"line":102,"column":7}},"34":{"start":{"line":104,"column":4},"end":{"line":107,"column":7}},"35":{"start":{"line":111,"column":22},"end":{"line":142,"column":1}},"36":{"start":{"line":112,"column":20},"end":{"line":112,"column":28}},"37":{"start":{"line":114,"column":2},"end":{"line":141,"column":3}},"38":{"start":{"line":115,"column":17},"end":{"line":115,"column":46}},"39":{"start":{"line":116,"column":4},"end":{"line":116,"column":74}},"40":{"start":{"line":116,"column":15},"end":{"line":116,"column":74}},"41":{"start":{"line":118,"column":18},"end":{"line":120,"column":6}},"42":{"start":{"line":122,"column":21},"end":{"line":122,"column":72}},"43":{"start":{"line":123,"column":24},"end":{"line":123,"column":40}},"44":{"start":{"line":125,"column":24},"end":{"line":134,"column":5}},"45":{"start":{"line":136,"column":4},"end":{"line":136,"column":44}},"46":{"start":{"line":137,"column":4},"end":{"line":137,"column":80}},"47":{"start":{"line":139,"column":4},"end":{"line":139,"column":50}},"48":{"start":{"line":140,"column":4},"end":{"line":140,"column":77}},"49":{"start":{"line":144,"column":22},"end":{"line":161,"column":1}},"50":{"start":{"line":145,"column":20},"end":{"line":145,"column":30}},"51":{"start":{"line":146,"column":23},"end":{"line":146,"column":31}},"52":{"start":{"line":148,"column":2},"end":{"line":160,"column":3}},"53":{"start":{"line":149,"column":20},"end":{"line":149,"column":57}},"54":{"start":{"line":150,"column":19},"end":{"line":150,"column":50}},"55":{"start":{"line":151,"column":4},"end":{"line":151,"column":67}},"56":{"start":{"line":153,"column":4},"end":{"line":153,"column":80}},"57":{"start":{"line":155,"column":4},"end":{"line":155,"column":39}},"58":{"start":{"line":156,"column":4},"end":{"line":159,"column":7}},"59":{"start":{"line":163,"column":0},"end":{"line":163,"column":75}}},"fnMap":{"0":{"name":"(anonymous_0)","decl":{"start":{"line":7,"column":23},"end":{"line":7,"column":24}},"loc":{"start":{"line":8,"column":2},"end":{"line":14,"column":4}},"line":8},"1":{"name":"(anonymous_1)","decl":{"start":{"line":16,"column":21},"end":{"line":16,"column":22}},"loc":{"start":{"line":16,"column":41},"end":{"line":57,"column":1}},"line":16},"2":{"name":"(anonymous_2)","decl":{"start":{"line":59,"column":18},"end":{"line":59,"column":19}},"loc":{"start":{"line":59,"column":38},"end":{"line":109,"column":1}},"line":59},"3":{"name":"(anonymous_3)","decl":{"start":{"line":111,"column":22},"end":{"line":111,"column":23}},"loc":{"start":{"line":111,"column":42},"end":{"line":142,"column":1}},"line":111},"4":{"name":"(anonymous_4)","decl":{"start":{"line":144,"column":22},"end":{"line":144,"column":23}},"loc":{"start":{"line":144,"column":42},"end":{"line":161,"column":1}},"line":144}},"branchMap":{"0":{"loc":{"start":{"line":19,"column":4},"end":{"line":24,"column":5}},"type":"if","locations":[{"start":{"line":19,"column":4},"end":{"line":24,"column":5}},{"start":{},"end":{}}],"line":19},"1":{"loc":{"start":{"line":19,"column":8},"end":{"line":19,"column":40}},"type":"binary-expr","locations":[{"start":{"line":19,"column":8},"end":{"line":19,"column":17}},{"start":{"line":19,"column":21},"end":{"line":19,"column":27}},{"start":{"line":19,"column":31},"end":{"line":19,"column":40}}],"line":19},"2":{"loc":{"start":{"line":27,"column":4},"end":{"line":32,"column":5}},"type":"if","locations":[{"start":{"line":27,"column":4},"end":{"line":32,"column":5}},{"start":{},"end":{}}],"line":27},"3":{"loc":{"start":{"line":63,"column":4},"end":{"line":68,"column":5}},"type":"if","locations":[{"start":{"line":63,"column":4},"end":{"line":68,"column":5}},{"start":{},"end":{}}],"line":63},"4":{"loc":{"start":{"line":63,"column":8},"end":{"line":63,"column":27}},"type":"binary-expr","locations":[{"start":{"line":63,"column":8},"end":{"line":63,"column":14}},{"start":{"line":63,"column":18},"end":{"line":63,"column":27}}],"line":63},"5":{"loc":{"start":{"line":71,"column":4},"end":{"line":76,"column":5}},"type":"if","locations":[{"start":{"line":71,"column":4},"end":{"line":76,"column":5}},{"start":{},"end":{}}],"line":71},"6":{"loc":{"start":{"line":79,"column":4},"end":{"line":84,"column":5}},"type":"if","locations":[{"start":{"line":79,"column":4},"end":{"line":84,"column":5}},{"start":{},"end":{}}],"line":79},"7":{"loc":{"start":{"line":116,"column":4},"end":{"line":116,"column":74}},"type":"if","locations":[{"start":{"line":116,"column":4},"end":{"line":116,"column":74}},{"start":{},"end":{}}],"line":116}},"s":{"0":5,"1":5,"2":5,"3":5,"4":5,"5":1,"6":5,"7":4,"8":4,"9":4,"10":1,"11":3,"12":2,"13":1,"14":1,"15":1,"16":1,"17":1,"18":1,"19":1,"20":5,"21":4,"22":4,"23":4,"24":1,"25":3,"26":3,"27":1,"28":2,"29":2,"30":1,"31":1,"32":1,"33":1,"34":0,"35":5,"36":2,"37":2,"38":2,"39":2,"40":1,"41":1,"42":1,"43":1,"44":1,"45":1,"46":1,"47":0,"48":0,"49":5,"50":1,"51":1,"52":1,"53":1,"54":0,"55":0,"56":0,"57":1,"58":1,"59":5},"f":{"0":1,"1":4,"2":4,"3":2,"4":1},"b":{"0":[1,3],"1":[4,3,3],"2":[1,1],"3":[1,3],"4":[4,4],"5":[1,2],"6":[1,1],"7":[1,1]},"_coverageSchema":"1a1c01bbd47fc00a2c39e90264f33305004495a9","hash":"66b98f02c3f4cbb5914f9b4949b49d1246dcfac2"}
,"D:\\Development\\Web_Api_Backend\\controllers\\admin\\billingManagement.js": {"path":"D:\\Development\\Web_Api_Backend\\controllers\\admin\\billingManagement.js","statementMap":{"0":{"start":{"line":1,"column":21},"end":{"line":1,"column":57}},"1":{"start":{"line":2,"column":16},"end":{"line":2,"column":47}},"2":{"start":{"line":3,"column":16},"end":{"line":3,"column":47}},"3":{"start":{"line":5,"column":30},"end":{"line":15,"column":1}},"4":{"start":{"line":6,"column":2},"end":{"line":14,"column":3}},"5":{"start":{"line":7,"column":25},"end":{"line":10,"column":6}},"6":{"start":{"line":11,"column":4},"end":{"line":11,"column":27}},"7":{"start":{"line":13,"column":4},"end":{"line":13,"column":54}},"8":{"start":{"line":17,"column":27},"end":{"line":47,"column":1}},"9":{"start":{"line":18,"column":40},"end":{"line":18,"column":48}},"10":{"start":{"line":19,"column":2},"end":{"line":46,"column":3}},"11":{"start":{"line":20,"column":4},"end":{"line":23,"column":6}},"12":{"start":{"line":24,"column":28},"end":{"line":29,"column":6}},"13":{"start":{"line":31,"column":4},"end":{"line":35,"column":7}},"14":{"start":{"line":37,"column":4},"end":{"line":41,"column":6}},"15":{"start":{"line":43,"column":4},"end":{"line":43,"column":75}},"16":{"start":{"line":45,"column":4},"end":{"line":45,"column":54}},"17":{"start":{"line":49,"column":26},"end":{"line":60,"column":1}},"18":{"start":{"line":50,"column":2},"end":{"line":59,"column":3}},"19":{"start":{"line":51,"column":21},"end":{"line":53,"column":16}},"20":{"start":{"line":55,"column":4},"end":{"line":55,"column":23}},"21":{"start":{"line":57,"column":4},"end":{"line":57,"column":60}},"22":{"start":{"line":58,"column":4},"end":{"line":58,"column":54}},"23":{"start":{"line":62,"column":0},"end":{"line":66,"column":2}}},"fnMap":{"0":{"name":"(anonymous_0)","decl":{"start":{"line":5,"column":30},"end":{"line":5,"column":31}},"loc":{"start":{"line":5,"column":50},"end":{"line":15,"column":1}},"line":5},"1":{"name":"(anonymous_1)","decl":{"start":{"line":17,"column":27},"end":{"line":17,"column":28}},"loc":{"start":{"line":17,"column":47},"end":{"line":47,"column":1}},"line":17},"2":{"name":"(anonymous_2)","decl":{"start":{"line":49,"column":26},"end":{"line":49,"column":27}},"loc":{"start":{"line":49,"column":46},"end":{"line":60,"column":1}},"line":49}},"branchMap":{},"s":{"0":5,"1":5,"2":5,"3":5,"4":0,"5":0,"6":0,"7":0,"8":5,"9":0,"10":0,"11":0,"12":0,"13":0,"14":0,"15":0,"16":0,"17":5,"18":0,"19":0,"20":0,"21":0,"22":0,"23":5},"f":{"0":0,"1":0,"2":0},"b":{},"_coverageSchema":"1a1c01bbd47fc00a2c39e90264f33305004495a9","hash":"439ae641ec8c8497a393b83cd930fc1010ca5e18"}
,"D:\\Development\\Web_Api_Backend\\controllers\\admin\\conversationController.js": {"path":"D:\\Development\\Web_Api_Backend\\controllers\\admin\\conversationController.js","statementMap":{"0":{"start":{"line":1,"column":21},"end":{"line":1,"column":57}},"1":{"start":{"line":2,"column":16},"end":{"line":2,"column":47}},"2":{"start":{"line":3,"column":13},"end":{"line":3,"column":41}},"3":{"start":{"line":6,"column":25},"end":{"line":16,"column":1}},"4":{"start":{"line":7,"column":2},"end":{"line":15,"column":3}},"5":{"start":{"line":8,"column":26},"end":{"line":10,"column":43}},"6":{"start":{"line":11,"column":4},"end":{"line":11,"column":28}},"7":{"start":{"line":13,"column":4},"end":{"line":13,"column":52}},"8":{"start":{"line":14,"column":4},"end":{"line":14,"column":54}},"9":{"start":{"line":19,"column":20},"end":{"line":29,"column":1}},"10":{"start":{"line":20,"column":2},"end":{"line":28,"column":3}},"11":{"start":{"line":21,"column":21},"end":{"line":23,"column":6}},"12":{"start":{"line":24,"column":4},"end":{"line":24,"column":23}},"13":{"start":{"line":26,"column":4},"end":{"line":26,"column":47}},"14":{"start":{"line":27,"column":4},"end":{"line":27,"column":54}},"15":{"start":{"line":32,"column":22},"end":{"line":58,"column":1}},"16":{"start":{"line":33,"column":2},"end":{"line":57,"column":3}},"17":{"start":{"line":34,"column":48},"end":{"line":34,"column":56}},"18":{"start":{"line":36,"column":18},"end":{"line":36,"column":20}},"19":{"start":{"line":37,"column":4},"end":{"line":41,"column":5}},"20":{"start":{"line":38,"column":6},"end":{"line":40,"column":9}},"21":{"start":{"line":43,"column":24},"end":{"line":49,"column":5}},"22":{"start":{"line":51,"column":20},"end":{"line":51,"column":53}},"23":{"start":{"line":53,"column":4},"end":{"line":53,"column":34}},"24":{"start":{"line":55,"column":4},"end":{"line":55,"column":49}},"25":{"start":{"line":56,"column":4},"end":{"line":56,"column":54}},"26":{"start":{"line":61,"column":21},"end":{"line":80,"column":1}},"27":{"start":{"line":62,"column":2},"end":{"line":79,"column":3}},"28":{"start":{"line":63,"column":24},"end":{"line":63,"column":32}},"29":{"start":{"line":64,"column":16},"end":{"line":64,"column":18}},"30":{"start":{"line":66,"column":4},"end":{"line":73,"column":5}},"31":{"start":{"line":67,"column":6},"end":{"line":70,"column":33}},"32":{"start":{"line":71,"column":11},"end":{"line":73,"column":5}},"33":{"start":{"line":72,"column":6},"end":{"line":72,"column":73}},"34":{"start":{"line":75,"column":4},"end":{"line":75,"column":20}},"35":{"start":{"line":77,"column":4},"end":{"line":77,"column":48}},"36":{"start":{"line":78,"column":4},"end":{"line":78,"column":54}},"37":{"start":{"line":83,"column":33},"end":{"line":112,"column":1}},"38":{"start":{"line":84,"column":26},"end":{"line":84,"column":34}},"39":{"start":{"line":85,"column":24},"end":{"line":85,"column":35}},"40":{"start":{"line":87,"column":2},"end":{"line":89,"column":3}},"41":{"start":{"line":88,"column":4},"end":{"line":88,"column":74}},"42":{"start":{"line":91,"column":2},"end":{"line":111,"column":3}},"43":{"start":{"line":92,"column":23},"end":{"line":94,"column":48}},"44":{"start":{"line":96,"column":4},"end":{"line":105,"column":5}},"45":{"start":{"line":97,"column":30},"end":{"line":99,"column":8}},"46":{"start":{"line":101,"column":6},"end":{"line":104,"column":8}},"47":{"start":{"line":107,"column":4},"end":{"line":107,"column":27}},"48":{"start":{"line":109,"column":4},"end":{"line":109,"column":60}},"49":{"start":{"line":110,"column":4},"end":{"line":110,"column":54}},"50":{"start":{"line":114,"column":0},"end":{"line":120,"column":2}}},"fnMap":{"0":{"name":"(anonymous_0)","decl":{"start":{"line":6,"column":25},"end":{"line":6,"column":26}},"loc":{"start":{"line":6,"column":45},"end":{"line":16,"column":1}},"line":6},"1":{"name":"(anonymous_1)","decl":{"start":{"line":19,"column":20},"end":{"line":19,"column":21}},"loc":{"start":{"line":19,"column":40},"end":{"line":29,"column":1}},"line":19},"2":{"name":"(anonymous_2)","decl":{"start":{"line":32,"column":22},"end":{"line":32,"column":23}},"loc":{"start":{"line":32,"column":42},"end":{"line":58,"column":1}},"line":32},"3":{"name":"(anonymous_3)","decl":{"start":{"line":61,"column":21},"end":{"line":61,"column":22}},"loc":{"start":{"line":61,"column":41},"end":{"line":80,"column":1}},"line":61},"4":{"name":"(anonymous_4)","decl":{"start":{"line":83,"column":33},"end":{"line":83,"column":34}},"loc":{"start":{"line":83,"column":53},"end":{"line":112,"column":1}},"line":83}},"branchMap":{"0":{"loc":{"start":{"line":37,"column":4},"end":{"line":41,"column":5}},"type":"if","locations":[{"start":{"line":37,"column":4},"end":{"line":41,"column":5}},{"start":{},"end":{}}],"line":37},"1":{"loc":{"start":{"line":66,"column":4},"end":{"line":73,"column":5}},"type":"if","locations":[{"start":{"line":66,"column":4},"end":{"line":73,"column":5}},{"start":{"line":71,"column":11},"end":{"line":73,"column":5}}],"line":66},"2":{"loc":{"start":{"line":71,"column":11},"end":{"line":73,"column":5}},"type":"if","locations":[{"start":{"line":71,"column":11},"end":{"line":73,"column":5}},{"start":{},"end":{}}],"line":71},"3":{"loc":{"start":{"line":87,"column":2},"end":{"line":89,"column":3}},"type":"if","locations":[{"start":{"line":87,"column":2},"end":{"line":89,"column":3}},{"start":{},"end":{}}],"line":87},"4":{"loc":{"start":{"line":96,"column":4},"end":{"line":105,"column":5}},"type":"if","locations":[{"start":{"line":96,"column":4},"end":{"line":105,"column":5}},{"start":{},"end":{}}],"line":96}},"s":{"0":5,"1":5,"2":5,"3":5,"4":0,"5":0,"6":0,"7":0,"8":0,"9":5,"10":0,"11":0,"12":0,"13":0,"14":0,"15":5,"16":0,"17":0,"18":0,"19":0,"20":0,"21":0,"22":0,"23":0,"24":0,"25":0,"26":5,"27":0,"28":0,"29":0,"30":0,"31":0,"32":0,"33":0,"34":0,"35":0,"36":0,"37":5,"38":0,"39":0,"40":0,"41":0,"42":0,"43":0,"44":0,"45":0,"46":0,"47":0,"48":0,"49":0,"50":5},"f":{"0":0,"1":0,"2":0,"3":0,"4":0},"b":{"0":[0,0],"1":[0,0],"2":[0,0],"3":[0,0],"4":[0,0]},"_coverageSchema":"1a1c01bbd47fc00a2c39e90264f33305004495a9","hash":"44a22282a6b976b952ce0506856addd8b6988ab6"}
,"D:\\Development\\Web_Api_Backend\\controllers\\admin\\goalController.js": {"path":"D:\\Development\\Web_Api_Backend\\controllers\\admin\\goalController.js","statementMap":{"0":{"start":{"line":1,"column":13},"end":{"line":1,"column":41}},"1":{"start":{"line":2,"column":14},"end":{"line":2,"column":43}},"2":{"start":{"line":3,"column":19},"end":{"line":3,"column":52}},"3":{"start":{"line":4,"column":21},"end":{"line":4,"column":57}},"4":{"start":{"line":5,"column":18},"end":{"line":5,"column":60}},"5":{"start":{"line":8,"column":28},"end":{"line":15,"column":1}},"6":{"start":{"line":9,"column":17},"end":{"line":13,"column":4}},"7":{"start":{"line":14,"column":2},"end":{"line":14,"column":63}},"8":{"start":{"line":14,"column":39},"end":{"line":14,"column":58}},"9":{"start":{"line":18,"column":32},"end":{"line":27,"column":1}},"10":{"start":{"line":19,"column":17},"end":{"line":23,"column":4}},"11":{"start":{"line":24,"column":2},"end":{"line":24,"column":36}},"12":{"start":{"line":24,"column":27},"end":{"line":24,"column":36}},"13":{"start":{"line":25,"column":15},"end":{"line":25,"column":58}},"14":{"start":{"line":25,"column":40},"end":{"line":25,"column":57}},"15":{"start":{"line":26,"column":2},"end":{"line":26,"column":45}},"16":{"start":{"line":30,"column":0},"end":{"line":67,"column":2}},"17":{"start":{"line":31,"column":2},"end":{"line":66,"column":3}},"18":{"start":{"line":32,"column":62},"end":{"line":32,"column":70}},"19":{"start":{"line":33,"column":17},"end":{"line":33,"column":29}},"20":{"start":{"line":35,"column":4},"end":{"line":39,"column":5}},"21":{"start":{"line":36,"column":6},"end":{"line":38,"column":61}},"22":{"start":{"line":41,"column":20},"end":{"line":48,"column":6}},"23":{"start":{"line":50,"column":22},"end":{"line":50,"column":42}},"24":{"start":{"line":52,"column":26},"end":{"line":52,"column":61}},"25":{"start":{"line":53,"column":29},"end":{"line":53,"column":80}},"26":{"start":{"line":55,"column":25},"end":{"line":60,"column":6}},"27":{"start":{"line":61,"column":4},"end":{"line":61,"column":71}},"28":{"start":{"line":62,"column":4},"end":{"line":62,"column":36}},"29":{"start":{"line":64,"column":4},"end":{"line":64,"column":49}},"30":{"start":{"line":65,"column":4},"end":{"line":65,"column":52}},"31":{"start":{"line":70,"column":0},"end":{"line":108,"column":2}},"32":{"start":{"line":71,"column":2},"end":{"line":107,"column":3}},"33":{"start":{"line":72,"column":17},"end":{"line":72,"column":29}},"34":{"start":{"line":73,"column":18},"end":{"line":73,"column":67}},"35":{"start":{"line":76,"column":30},"end":{"line":101,"column":5}},"36":{"start":{"line":78,"column":23},"end":{"line":78,"column":24}},"37":{"start":{"line":79,"column":8},"end":{"line":93,"column":9}},"38":{"start":{"line":80,"column":22},"end":{"line":84,"column":11}},"39":{"start":{"line":85,"column":10},"end":{"line":85,"column":52}},"40":{"start":{"line":86,"column":15},"end":{"line":93,"column":9}},"41":{"start":{"line":87,"column":26},"end":{"line":91,"column":11}},"42":{"start":{"line":92,"column":10},"end":{"line":92,"column":56}},"43":{"start":{"line":94,"column":8},"end":{"line":94,"column":43}},"44":{"start":{"line":94,"column":28},"end":{"line":94,"column":43}},"45":{"start":{"line":96,"column":8},"end":{"line":99,"column":10}},"46":{"start":{"line":103,"column":4},"end":{"line":103,"column":32}},"47":{"start":{"line":105,"column":4},"end":{"line":105,"column":50}},"48":{"start":{"line":106,"column":4},"end":{"line":106,"column":52}},"49":{"start":{"line":111,"column":0},"end":{"line":138,"column":2}},"50":{"start":{"line":112,"column":2},"end":{"line":137,"column":3}},"51":{"start":{"line":113,"column":17},"end":{"line":113,"column":29}},"52":{"start":{"line":114,"column":19},"end":{"line":114,"column":29}},"53":{"start":{"line":115,"column":20},"end":{"line":115,"column":28}},"54":{"start":{"line":117,"column":17},"end":{"line":117,"column":54}},"55":{"start":{"line":118,"column":4},"end":{"line":118,"column":72}},"56":{"start":{"line":118,"column":15},"end":{"line":118,"column":72}},"57":{"start":{"line":121,"column":4},"end":{"line":129,"column":5}},"58":{"start":{"line":126,"column":6},"end":{"line":128,"column":61}},"59":{"start":{"line":131,"column":4},"end":{"line":131,"column":33}},"60":{"start":{"line":132,"column":4},"end":{"line":132,"column":22}},"61":{"start":{"line":133,"column":4},"end":{"line":133,"column":19}},"62":{"start":{"line":135,"column":4},"end":{"line":135,"column":49}},"63":{"start":{"line":136,"column":4},"end":{"line":136,"column":52}},"64":{"start":{"line":141,"column":0},"end":{"line":152,"column":2}},"65":{"start":{"line":142,"column":2},"end":{"line":151,"column":3}},"66":{"start":{"line":143,"column":17},"end":{"line":143,"column":29}},"67":{"start":{"line":144,"column":19},"end":{"line":144,"column":29}},"68":{"start":{"line":145,"column":17},"end":{"line":145,"column":63}},"69":{"start":{"line":146,"column":4},"end":{"line":146,"column":72}},"70":{"start":{"line":146,"column":15},"end":{"line":146,"column":72}},"71":{"start":{"line":147,"column":4},"end":{"line":147,"column":42}},"72":{"start":{"line":149,"column":4},"end":{"line":149,"column":49}},"73":{"start":{"line":150,"column":4},"end":{"line":150,"column":52}},"74":{"start":{"line":154,"column":0},"end":{"line":200,"column":2}},"75":{"start":{"line":155,"column":14},"end":{"line":155,"column":24}},"76":{"start":{"line":156,"column":16},"end":{"line":160,"column":4}},"77":{"start":{"line":162,"column":2},"end":{"line":199,"column":3}},"78":{"start":{"line":163,"column":19},"end":{"line":163,"column":20}},"79":{"start":{"line":164,"column":4},"end":{"line":178,"column":5}},"80":{"start":{"line":165,"column":18},"end":{"line":169,"column":7}},"81":{"start":{"line":170,"column":6},"end":{"line":170,"column":48}},"82":{"start":{"line":171,"column":11},"end":{"line":178,"column":5}},"83":{"start":{"line":172,"column":22},"end":{"line":176,"column":7}},"84":{"start":{"line":177,"column":6},"end":{"line":177,"column":52}},"85":{"start":{"line":180,"column":4},"end":{"line":198,"column":5}},"86":{"start":{"line":182,"column":6},"end":{"line":182,"column":27}},"87":{"start":{"line":183,"column":6},"end":{"line":183,"column":24}},"88":{"start":{"line":186,"column":28},"end":{"line":186,"column":68}},"89":{"start":{"line":187,"column":31},"end":{"line":187,"column":110}},"90":{"start":{"line":189,"column":27},"end":{"line":194,"column":8}},"91":{"start":{"line":197,"column":6},"end":{"line":197,"column":75}}},"fnMap":{"0":{"name":"(anonymous_0)","decl":{"start":{"line":8,"column":28},"end":{"line":8,"column":29}},"loc":{"start":{"line":8,"column":66},"end":{"line":15,"column":1}},"line":8},"1":{"name":"(anonymous_1)","decl":{"start":{"line":14,"column":23},"end":{"line":14,"column":24}},"loc":{"start":{"line":14,"column":39},"end":{"line":14,"column":58}},"line":14},"2":{"name":"(anonymous_2)","decl":{"start":{"line":18,"column":32},"end":{"line":18,"column":33}},"loc":{"start":{"line":18,"column":70},"end":{"line":27,"column":1}},"line":18},"3":{"name":"(anonymous_3)","decl":{"start":{"line":25,"column":29},"end":{"line":25,"column":30}},"loc":{"start":{"line":25,"column":40},"end":{"line":25,"column":57}},"line":25},"4":{"name":"(anonymous_4)","decl":{"start":{"line":30,"column":21},"end":{"line":30,"column":22}},"loc":{"start":{"line":30,"column":41},"end":{"line":67,"column":1}},"line":30},"5":{"name":"(anonymous_5)","decl":{"start":{"line":70,"column":19},"end":{"line":70,"column":20}},"loc":{"start":{"line":70,"column":39},"end":{"line":108,"column":1}},"line":70},"6":{"name":"(anonymous_6)","decl":{"start":{"line":77,"column":16},"end":{"line":77,"column":17}},"loc":{"start":{"line":77,"column":32},"end":{"line":100,"column":7}},"line":77},"7":{"name":"(anonymous_7)","decl":{"start":{"line":111,"column":21},"end":{"line":111,"column":22}},"loc":{"start":{"line":111,"column":41},"end":{"line":138,"column":1}},"line":111},"8":{"name":"(anonymous_8)","decl":{"start":{"line":141,"column":21},"end":{"line":141,"column":22}},"loc":{"start":{"line":141,"column":41},"end":{"line":152,"column":1}},"line":141},"9":{"name":"(anonymous_9)","decl":{"start":{"line":154,"column":40},"end":{"line":154,"column":41}},"loc":{"start":{"line":154,"column":58},"end":{"line":200,"column":1}},"line":154}},"branchMap":{"0":{"loc":{"start":{"line":24,"column":2},"end":{"line":24,"column":36}},"type":"if","locations":[{"start":{"line":24,"column":2},"end":{"line":24,"column":36}},{"start":{},"end":{}}],"line":24},"1":{"loc":{"start":{"line":35,"column":4},"end":{"line":39,"column":5}},"type":"if","locations":[{"start":{"line":35,"column":4},"end":{"line":39,"column":5}},{"start":{},"end":{}}],"line":35},"2":{"loc":{"start":{"line":52,"column":26},"end":{"line":52,"column":61}},"type":"cond-expr","locations":[{"start":{"line":52,"column":43},"end":{"line":52,"column":48}},{"start":{"line":52,"column":51},"end":{"line":52,"column":61}}],"line":52},"3":{"loc":{"start":{"line":79,"column":8},"end":{"line":93,"column":9}},"type":"if","locations":[{"start":{"line":79,"column":8},"end":{"line":93,"column":9}},{"start":{"line":86,"column":15},"end":{"line":93,"column":9}}],"line":79},"4":{"loc":{"start":{"line":86,"column":15},"end":{"line":93,"column":9}},"type":"if","locations":[{"start":{"line":86,"column":15},"end":{"line":93,"column":9}},{"start":{},"end":{}}],"line":86},"5":{"loc":{"start":{"line":94,"column":8},"end":{"line":94,"column":43}},"type":"if","locations":[{"start":{"line":94,"column":8},"end":{"line":94,"column":43}},{"start":{},"end":{}}],"line":94},"6":{"loc":{"start":{"line":118,"column":4},"end":{"line":118,"column":72}},"type":"if","locations":[{"start":{"line":118,"column":4},"end":{"line":118,"column":72}},{"start":{},"end":{}}],"line":118},"7":{"loc":{"start":{"line":121,"column":4},"end":{"line":129,"column":5}},"type":"if","locations":[{"start":{"line":121,"column":4},"end":{"line":129,"column":5}},{"start":{},"end":{}}],"line":121},"8":{"loc":{"start":{"line":122,"column":6},"end":{"line":124,"column":62}},"type":"binary-expr","locations":[{"start":{"line":122,"column":6},"end":{"line":122,"column":23}},{"start":{"line":123,"column":6},"end":{"line":123,"column":21}},{"start":{"line":124,"column":6},"end":{"line":124,"column":62}}],"line":122},"9":{"loc":{"start":{"line":146,"column":4},"end":{"line":146,"column":72}},"type":"if","locations":[{"start":{"line":146,"column":4},"end":{"line":146,"column":72}},{"start":{},"end":{}}],"line":146},"10":{"loc":{"start":{"line":164,"column":4},"end":{"line":178,"column":5}},"type":"if","locations":[{"start":{"line":164,"column":4},"end":{"line":178,"column":5}},{"start":{"line":171,"column":11},"end":{"line":178,"column":5}}],"line":164},"11":{"loc":{"start":{"line":171,"column":11},"end":{"line":178,"column":5}},"type":"if","locations":[{"start":{"line":171,"column":11},"end":{"line":178,"column":5}},{"start":{},"end":{}}],"line":171},"12":{"loc":{"start":{"line":180,"column":4},"end":{"line":198,"column":5}},"type":"if","locations":[{"start":{"line":180,"column":4},"end":{"line":198,"column":5}},{"start":{},"end":{}}],"line":180},"13":{"loc":{"start":{"line":180,"column":8},"end":{"line":180,"column":41}},"type":"binary-expr","locations":[{"start":{"line":180,"column":8},"end":{"line":180,"column":23}},{"start":{"line":180,"column":27},"end":{"line":180,"column":41}}],"line":180},"14":{"loc":{"start":{"line":186,"column":28},"end":{"line":186,"column":68}},"type":"cond-expr","locations":[{"start":{"line":186,"column":50},"end":{"line":186,"column":55}},{"start":{"line":186,"column":58},"end":{"line":186,"column":68}}],"line":186}},"s":{"0":5,"1":5,"2":5,"3":5,"4":5,"5":5,"6":0,"7":0,"8":0,"9":5,"10":0,"11":0,"12":0,"13":0,"14":0,"15":0,"16":5,"17":0,"18":0,"19":0,"20":0,"21":0,"22":0,"23":0,"24":0,"25":0,"26":0,"27":0,"28":0,"29":0,"30":0,"31":5,"32":0,"33":0,"34":0,"35":0,"36":0,"37":0,"38":0,"39":0,"40":0,"41":0,"42":0,"43":0,"44":0,"45":0,"46":0,"47":0,"48":0,"49":5,"50":0,"51":0,"52":0,"53":0,"54":0,"55":0,"56":0,"57":0,"58":0,"59":0,"60":0,"61":0,"62":0,"63":0,"64":5,"65":0,"66":0,"67":0,"68":0,"69":0,"70":0,"71":0,"72":0,"73":0,"74":5,"75":0,"76":0,"77":0,"78":0,"79":0,"80":0,"81":0,"82":0,"83":0,"84":0,"85":0,"86":0,"87":0,"88":0,"89":0,"90":0,"91":0},"f":{"0":0,"1":0,"2":0,"3":0,"4":0,"5":0,"6":0,"7":0,"8":0,"9":0},"b":{"0":[0,0],"1":[0,0],"2":[0,0],"3":[0,0],"4":[0,0],"5":[0,0],"6":[0,0],"7":[0,0],"8":[0,0,0],"9":[0,0],"10":[0,0],"11":[0,0],"12":[0,0],"13":[0,0],"14":[0,0]},"_coverageSchema":"1a1c01bbd47fc00a2c39e90264f33305004495a9","hash":"ccde8aafc1166d2437b2a55b8579603337995c2e"}
,"D:\\Development\\Web_Api_Backend\\controllers\\admin\\logManagement.js": {"path":"D:\\Development\\Web_Api_Backend\\controllers\\admin\\logManagement.js","statementMap":{"0":{"start":{"line":1,"column":14},"end":{"line":1,"column":43}},"1":{"start":{"line":2,"column":42},"end":{"line":2,"column":69}},"2":{"start":{"line":4,"column":20},"end":{"line":42,"column":1}},"3":{"start":{"line":5,"column":2},"end":{"line":41,"column":3}},"4":{"start":{"line":7,"column":40},"end":{"line":7,"column":48}},"5":{"start":{"line":10,"column":29},"end":{"line":10,"column":31}},"6":{"start":{"line":11,"column":4},"end":{"line":16,"column":5}},"7":{"start":{"line":13,"column":6},"end":{"line":15,"column":47}},"8":{"start":{"line":17,"column":17},"end":{"line":17,"column":48}},"9":{"start":{"line":18,"column":4},"end":{"line":20,"column":5}},"10":{"start":{"line":19,"column":6},"end":{"line":19,"column":24}},"11":{"start":{"line":23,"column":18},"end":{"line":31,"column":6}},"12":{"start":{"line":33,"column":25},"end":{"line":33,"column":43}},"13":{"start":{"line":34,"column":4},"end":{"line":36,"column":5}},"14":{"start":{"line":35,"column":6},"end":{"line":35,"column":55}},"15":{"start":{"line":37,"column":4},"end":{"line":37,"column":39}},"16":{"start":{"line":39,"column":4},"end":{"line":39,"column":50}},"17":{"start":{"line":40,"column":4},"end":{"line":40,"column":54}},"18":{"start":{"line":44,"column":21},"end":{"line":68,"column":1}},"19":{"start":{"line":45,"column":2},"end":{"line":67,"column":3}},"20":{"start":{"line":46,"column":17},"end":{"line":46,"column":46}},"21":{"start":{"line":47,"column":18},"end":{"line":47,"column":49}},"22":{"start":{"line":48,"column":17},"end":{"line":48,"column":35}},"23":{"start":{"line":50,"column":24},"end":{"line":50,"column":73}},"24":{"start":{"line":52,"column":19},"end":{"line":55,"column":19}},"25":{"start":{"line":57,"column":4},"end":{"line":63,"column":7}},"26":{"start":{"line":65,"column":4},"end":{"line":65,"column":51}},"27":{"start":{"line":66,"column":4},"end":{"line":66,"column":54}},"28":{"start":{"line":70,"column":21},"end":{"line":89,"column":1}},"29":{"start":{"line":71,"column":2},"end":{"line":88,"column":3}},"30":{"start":{"line":72,"column":18},"end":{"line":72,"column":53}},"31":{"start":{"line":74,"column":4},"end":{"line":76,"column":5}},"32":{"start":{"line":75,"column":6},"end":{"line":75,"column":66}},"33":{"start":{"line":78,"column":4},"end":{"line":82,"column":5}},"34":{"start":{"line":79,"column":6},"end":{"line":81,"column":64}},"35":{"start":{"line":84,"column":4},"end":{"line":84,"column":20}},"36":{"start":{"line":86,"column":4},"end":{"line":86,"column":25}},"37":{"start":{"line":87,"column":4},"end":{"line":87,"column":54}},"38":{"start":{"line":91,"column":20},"end":{"line":147,"column":1}},"39":{"start":{"line":92,"column":2},"end":{"line":146,"column":3}},"40":{"start":{"line":93,"column":18},"end":{"line":93,"column":53}},"41":{"start":{"line":94,"column":4},"end":{"line":94,"column":76}},"42":{"start":{"line":94,"column":16},"end":{"line":94,"column":76}},"43":{"start":{"line":95,"column":4},"end":{"line":96,"column":65}},"44":{"start":{"line":96,"column":6},"end":{"line":96,"column":65}},"45":{"start":{"line":98,"column":23},"end":{"line":98,"column":38}},"46":{"start":{"line":99,"column":4},"end":{"line":105,"column":5}},"47":{"start":{"line":100,"column":6},"end":{"line":102,"column":47}},"48":{"start":{"line":103,"column":11},"end":{"line":105,"column":5}},"49":{"start":{"line":104,"column":6},"end":{"line":104,"column":41}},"50":{"start":{"line":106,"column":4},"end":{"line":108,"column":5}},"51":{"start":{"line":107,"column":6},"end":{"line":107,"column":52}},"52":{"start":{"line":110,"column":23},"end":{"line":110,"column":28}},"53":{"start":{"line":112,"column":4},"end":{"line":133,"column":5}},"54":{"start":{"line":113,"column":6},"end":{"line":113,"column":35}},"55":{"start":{"line":114,"column":6},"end":{"line":114,"column":26}},"56":{"start":{"line":116,"column":25},"end":{"line":116,"column":53}},"57":{"start":{"line":117,"column":23},"end":{"line":117,"column":49}},"58":{"start":{"line":118,"column":24},"end":{"line":118,"column":56}},"59":{"start":{"line":119,"column":27},"end":{"line":119,"column":62}},"60":{"start":{"line":120,"column":19},"end":{"line":120,"column":77}},"61":{"start":{"line":122,"column":8},"end":{"line":124,"column":71}},"62":{"start":{"line":126,"column":26},"end":{"line":126,"column":72}},"63":{"start":{"line":128,"column":6},"end":{"line":132,"column":7}},"64":{"start":{"line":129,"column":8},"end":{"line":129,"column":74}},"65":{"start":{"line":131,"column":8},"end":{"line":131,"column":33}},"66":{"start":{"line":135,"column":25},"end":{"line":139,"column":5}},"67":{"start":{"line":140,"column":4},"end":{"line":142,"column":5}},"68":{"start":{"line":141,"column":6},"end":{"line":141,"column":55}},"69":{"start":{"line":143,"column":4},"end":{"line":143,"column":27}},"70":{"start":{"line":145,"column":4},"end":{"line":145,"column":54}},"71":{"start":{"line":149,"column":20},"end":{"line":169,"column":1}},"72":{"start":{"line":150,"column":2},"end":{"line":168,"column":3}},"73":{"start":{"line":151,"column":18},"end":{"line":151,"column":53}},"74":{"start":{"line":153,"column":4},"end":{"line":155,"column":5}},"75":{"start":{"line":154,"column":6},"end":{"line":154,"column":66}},"76":{"start":{"line":157,"column":4},"end":{"line":161,"column":5}},"77":{"start":{"line":158,"column":6},"end":{"line":160,"column":66}},"78":{"start":{"line":162,"column":4},"end":{"line":162,"column":28}},"79":{"start":{"line":164,"column":4},"end":{"line":164,"column":56}},"80":{"start":{"line":166,"column":4},"end":{"line":166,"column":25}},"81":{"start":{"line":167,"column":4},"end":{"line":167,"column":54}},"82":{"start":{"line":171,"column":37},"end":{"line":239,"column":1}},"83":{"start":{"line":172,"column":2},"end":{"line":179,"column":3}},"84":{"start":{"line":173,"column":4},"end":{"line":178,"column":6}},"85":{"start":{"line":182,"column":22},"end":{"line":182,"column":50}},"86":{"start":{"line":182,"column":40},"end":{"line":182,"column":49}},"87":{"start":{"line":183,"column":20},"end":{"line":183,"column":22}},"88":{"start":{"line":184,"column":21},"end":{"line":184,"column":22}},"89":{"start":{"line":185,"column":2},"end":{"line":188,"column":5}},"90":{"start":{"line":186,"column":4},"end":{"line":186,"column":24}},"91":{"start":{"line":187,"column":4},"end":{"line":187,"column":35}},"92":{"start":{"line":191,"column":13},"end":{"line":191,"column":22}},"93":{"start":{"line":192,"column":20},"end":{"line":192,"column":21}},"94":{"start":{"line":193,"column":29},"end":{"line":193,"column":30}},"95":{"start":{"line":194,"column":2},"end":{"line":207,"column":5}},"96":{"start":{"line":195,"column":4},"end":{"line":197,"column":5}},"97":{"start":{"line":196,"column":6},"end":{"line":196,"column":20}},"98":{"start":{"line":198,"column":21},"end":{"line":198,"column":66}},"99":{"start":{"line":199,"column":30},"end":{"line":199,"column":43}},"100":{"start":{"line":201,"column":4},"end":{"line":203,"column":5}},"101":{"start":{"line":202,"column":6},"end":{"line":202,"column":29}},"102":{"start":{"line":204,"column":4},"end":{"line":206,"column":5}},"103":{"start":{"line":205,"column":6},"end":{"line":205,"column":47}},"104":{"start":{"line":210,"column":20},"end":{"line":210,"column":79}},"105":{"start":{"line":210,"column":49},"end":{"line":210,"column":54}},"106":{"start":{"line":211,"column":17},"end":{"line":214,"column":3}},"107":{"start":{"line":212,"column":27},"end":{"line":212,"column":53}},"108":{"start":{"line":212,"column":72},"end":{"line":212,"column":77}},"109":{"start":{"line":215,"column":22},"end":{"line":215,"column":57}},"110":{"start":{"line":218,"column":22},"end":{"line":220,"column":35}},"111":{"start":{"line":219,"column":19},"end":{"line":219,"column":24}},"112":{"start":{"line":220,"column":24},"end":{"line":220,"column":31}},"113":{"start":{"line":221,"column":20},"end":{"line":223,"column":3}},"114":{"start":{"line":222,"column":30},"end":{"line":222,"column":35}},"115":{"start":{"line":222,"column":56},"end":{"line":222,"column":63}},"116":{"start":{"line":224,"column":23},"end":{"line":224,"column":73}},"117":{"start":{"line":227,"column":25},"end":{"line":227,"column":37}},"118":{"start":{"line":229,"column":4},"end":{"line":229,"column":79}},"119":{"start":{"line":231,"column":2},"end":{"line":238,"column":4}},"120":{"start":{"line":241,"column":31},"end":{"line":271,"column":1}},"121":{"start":{"line":242,"column":2},"end":{"line":244,"column":3}},"122":{"start":{"line":243,"column":4},"end":{"line":243,"column":74}},"123":{"start":{"line":247,"column":24},"end":{"line":247,"column":62}},"124":{"start":{"line":247,"column":42},"end":{"line":247,"column":61}},"125":{"start":{"line":249,"column":4},"end":{"line":249,"column":67}},"126":{"start":{"line":249,"column":35},"end":{"line":249,"column":40}},"127":{"start":{"line":250,"column":26},"end":{"line":250,"column":52}},"128":{"start":{"line":253,"column":16},"end":{"line":260,"column":25}},"129":{"start":{"line":255,"column":6},"end":{"line":257,"column":7}},"130":{"start":{"line":256,"column":8},"end":{"line":256,"column":75}},"131":{"start":{"line":258,"column":6},"end":{"line":258,"column":15}},"132":{"start":{"line":260,"column":19},"end":{"line":260,"column":24}},"133":{"start":{"line":263,"column":4},"end":{"line":263,"column":74}},"134":{"start":{"line":263,"column":46},"end":{"line":263,"column":51}},"135":{"start":{"line":266,"column":2},"end":{"line":270,"column":4}},"136":{"start":{"line":273,"column":37},"end":{"line":314,"column":1}},"137":{"start":{"line":274,"column":21},"end":{"line":274,"column":23}},"138":{"start":{"line":275,"column":23},"end":{"line":277,"column":3}},"139":{"start":{"line":276,"column":11},"end":{"line":276,"column":63}},"140":{"start":{"line":280,"column":2},"end":{"line":291,"column":5}},"141":{"start":{"line":282,"column":4},"end":{"line":290,"column":7}},"142":{"start":{"line":283,"column":6},"end":{"line":288,"column":7}},"143":{"start":{"line":284,"column":8},"end":{"line":287,"column":10}},"144":{"start":{"line":289,"column":6},"end":{"line":289,"column":41}},"145":{"start":{"line":294,"column":2},"end":{"line":313,"column":45}},"146":{"start":{"line":296,"column":25},"end":{"line":296,"column":30}},"147":{"start":{"line":297,"column":25},"end":{"line":297,"column":38}},"148":{"start":{"line":299,"column":19},"end":{"line":299,"column":61}},"149":{"start":{"line":299,"column":40},"end":{"line":299,"column":53}},"150":{"start":{"line":300,"column":22},"end":{"line":300,"column":68}},"151":{"start":{"line":302,"column":23},"end":{"line":302,"column":68}},"152":{"start":{"line":302,"column":49},"end":{"line":302,"column":64}},"153":{"start":{"line":303,"column":21},"end":{"line":303,"column":63}},"154":{"start":{"line":305,"column":6},"end":{"line":311,"column":8}},"155":{"start":{"line":313,"column":20},"end":{"line":313,"column":43}},"156":{"start":{"line":316,"column":15},"end":{"line":323,"column":1}},"157":{"start":{"line":317,"column":2},"end":{"line":317,"column":54}},"158":{"start":{"line":317,"column":45},"end":{"line":317,"column":54}},"159":{"start":{"line":318,"column":15},"end":{"line":318,"column":38}},"160":{"start":{"line":319,"column":15},"end":{"line":319,"column":30}},"161":{"start":{"line":320,"column":2},"end":{"line":322,"column":57}},"162":{"start":{"line":325,"column":28},"end":{"line":346,"column":1}},"163":{"start":{"line":326,"column":23},"end":{"line":326,"column":66}},"164":{"start":{"line":326,"column":44},"end":{"line":326,"column":65}},"165":{"start":{"line":327,"column":2},"end":{"line":327,"column":42}},"166":{"start":{"line":327,"column":33},"end":{"line":327,"column":42}},"167":{"start":{"line":329,"column":15},"end":{"line":329,"column":56}},"168":{"start":{"line":329,"column":42},"end":{"line":329,"column":55}},"169":{"start":{"line":330,"column":17},"end":{"line":330,"column":59}},"170":{"start":{"line":330,"column":44},"end":{"line":330,"column":58}},"171":{"start":{"line":332,"column":18},"end":{"line":332,"column":51}},"172":{"start":{"line":333,"column":19},"end":{"line":333,"column":54}},"173":{"start":{"line":336,"column":4},"end":{"line":338,"column":9}},"174":{"start":{"line":337,"column":32},"end":{"line":337,"column":47}},"175":{"start":{"line":340,"column":4},"end":{"line":342,"column":9}},"176":{"start":{"line":341,"column":34},"end":{"line":341,"column":49}},"177":{"start":{"line":345,"column":2},"end":{"line":345,"column":57}},"178":{"start":{"line":348,"column":32},"end":{"line":365,"column":1}},"179":{"start":{"line":349,"column":18},"end":{"line":349,"column":78}},"180":{"start":{"line":350,"column":23},"end":{"line":350,"column":66}},"181":{"start":{"line":350,"column":44},"end":{"line":350,"column":65}},"182":{"start":{"line":352,"column":2},"end":{"line":361,"column":5}},"183":{"start":{"line":353,"column":4},"end":{"line":353,"column":52}},"184":{"start":{"line":353,"column":45},"end":{"line":353,"column":52}},"185":{"start":{"line":355,"column":14},"end":{"line":355,"column":29}},"186":{"start":{"line":356,"column":4},"end":{"line":360,"column":39}},"187":{"start":{"line":356,"column":16},"end":{"line":356,"column":36}},"188":{"start":{"line":357,"column":9},"end":{"line":360,"column":39}},"189":{"start":{"line":357,"column":29},"end":{"line":357,"column":48}},"190":{"start":{"line":358,"column":9},"end":{"line":360,"column":39}},"191":{"start":{"line":358,"column":30},"end":{"line":358,"column":49}},"192":{"start":{"line":359,"column":9},"end":{"line":360,"column":39}},"193":{"start":{"line":359,"column":30},"end":{"line":359,"column":49}},"194":{"start":{"line":360,"column":9},"end":{"line":360,"column":39}},"195":{"start":{"line":360,"column":21},"end":{"line":360,"column":39}},"196":{"start":{"line":364,"column":2},"end":{"line":364,"column":75}},"197":{"start":{"line":364,"column":57},"end":{"line":364,"column":72}},"198":{"start":{"line":367,"column":25},"end":{"line":383,"column":1}},"199":{"start":{"line":368,"column":23},"end":{"line":370,"column":3}},"200":{"start":{"line":369,"column":15},"end":{"line":369,"column":50}},"201":{"start":{"line":372,"column":15},"end":{"line":380,"column":11}},"202":{"start":{"line":373,"column":17},"end":{"line":373,"column":40}},"203":{"start":{"line":374,"column":17},"end":{"line":374,"column":32}},"204":{"start":{"line":376,"column":6},"end":{"line":378,"column":60}},"205":{"start":{"line":379,"column":4},"end":{"line":379,"column":19}},"206":{"start":{"line":382,"column":2},"end":{"line":382,"column":74}},"207":{"start":{"line":385,"column":29},"end":{"line":415,"column":1}},"208":{"start":{"line":386,"column":23},"end":{"line":388,"column":3}},"209":{"start":{"line":387,"column":15},"end":{"line":387,"column":50}},"210":{"start":{"line":391,"column":2},"end":{"line":395,"column":5}},"211":{"start":{"line":392,"column":18},"end":{"line":392,"column":53}},"212":{"start":{"line":393,"column":18},"end":{"line":393,"column":53}},"213":{"start":{"line":394,"column":4},"end":{"line":394,"column":25}},"214":{"start":{"line":397,"column":21},"end":{"line":397,"column":22}},"215":{"start":{"line":399,"column":2},"end":{"line":414,"column":5}},"216":{"start":{"line":400,"column":17},"end":{"line":400,"column":40}},"217":{"start":{"line":401,"column":17},"end":{"line":401,"column":32}},"218":{"start":{"line":404,"column":6},"end":{"line":406,"column":60}},"219":{"start":{"line":408,"column":4},"end":{"line":408,"column":24}},"220":{"start":{"line":410,"column":17},"end":{"line":410,"column":60}},"221":{"start":{"line":411,"column":18},"end":{"line":411,"column":55}},"222":{"start":{"line":413,"column":4},"end":{"line":413,"column":67}},"223":{"start":{"line":417,"column":27},"end":{"line":434,"column":1}},"224":{"start":{"line":418,"column":18},"end":{"line":418,"column":20}},"225":{"start":{"line":420,"column":2},"end":{"line":431,"column":5}},"226":{"start":{"line":421,"column":4},"end":{"line":421,"column":72}},"227":{"start":{"line":421,"column":65},"end":{"line":421,"column":72}},"228":{"start":{"line":422,"column":17},"end":{"line":422,"column":60}},"229":{"start":{"line":423,"column":18},"end":{"line":423,"column":33}},"230":{"start":{"line":424,"column":17},"end":{"line":424,"column":35}},"231":{"start":{"line":425,"column":16},"end":{"line":425,"column":34}},"232":{"start":{"line":427,"column":4},"end":{"line":429,"column":5}},"233":{"start":{"line":428,"column":6},"end":{"line":428,"column":24}},"234":{"start":{"line":430,"column":4},"end":{"line":430,"column":29}},"235":{"start":{"line":433,"column":2},"end":{"line":433,"column":17}},"236":{"start":{"line":436,"column":28},"end":{"line":487,"column":1}},"237":{"start":{"line":437,"column":18},"end":{"line":437,"column":20}},"238":{"start":{"line":439,"column":2},"end":{"line":471,"column":5}},"239":{"start":{"line":440,"column":4},"end":{"line":440,"column":54}},"240":{"start":{"line":440,"column":47},"end":{"line":440,"column":54}},"241":{"start":{"line":442,"column":17},"end":{"line":442,"column":60}},"242":{"start":{"line":443,"column":18},"end":{"line":443,"column":68}},"243":{"start":{"line":444,"column":16},"end":{"line":444,"column":48}},"244":{"start":{"line":446,"column":17},"end":{"line":446,"column":40}},"245":{"start":{"line":447,"column":17},"end":{"line":447,"column":32}},"246":{"start":{"line":449,"column":6},"end":{"line":451,"column":60}},"247":{"start":{"line":453,"column":4},"end":{"line":461,"column":5}},"248":{"start":{"line":454,"column":6},"end":{"line":460,"column":8}},"249":{"start":{"line":463,"column":4},"end":{"line":468,"column":5}},"250":{"start":{"line":464,"column":6},"end":{"line":464,"column":33}},"251":{"start":{"line":465,"column":6},"end":{"line":465,"column":38}},"252":{"start":{"line":467,"column":6},"end":{"line":467,"column":31}},"253":{"start":{"line":470,"column":4},"end":{"line":470,"column":34}},"254":{"start":{"line":474,"column":2},"end":{"line":486,"column":71}},"255":{"start":{"line":475,"column":21},"end":{"line":485,"column":5}},"256":{"start":{"line":486,"column":20},"end":{"line":486,"column":69}},"257":{"start":{"line":489,"column":27},"end":{"line":504,"column":1}},"258":{"start":{"line":490,"column":2},"end":{"line":490,"column":44}},"259":{"start":{"line":490,"column":29},"end":{"line":490,"column":44}},"260":{"start":{"line":492,"column":20},"end":{"line":492,"column":53}},"261":{"start":{"line":493,"column":20},"end":{"line":493,"column":53}},"262":{"start":{"line":495,"column":18},"end":{"line":495,"column":51}},"263":{"start":{"line":496,"column":18},"end":{"line":496,"column":51}},"264":{"start":{"line":498,"column":2},"end":{"line":500,"column":3}},"265":{"start":{"line":499,"column":4},"end":{"line":499,"column":72}},"266":{"start":{"line":502,"column":24},"end":{"line":502,"column":71}},"267":{"start":{"line":503,"column":2},"end":{"line":503,"column":72}},"268":{"start":{"line":506,"column":35},"end":{"line":517,"column":1}},"269":{"start":{"line":507,"column":17},"end":{"line":507,"column":19}},"270":{"start":{"line":508,"column":2},"end":{"line":511,"column":5}},"271":{"start":{"line":509,"column":18},"end":{"line":509,"column":47}},"272":{"start":{"line":510,"column":4},"end":{"line":510,"column":45}},"273":{"start":{"line":512,"column":16},"end":{"line":512,"column":34}},"274":{"start":{"line":513,"column":2},"end":{"line":516,"column":6}},"275":{"start":{"line":513,"column":56},"end":{"line":516,"column":3}},"276":{"start":{"line":519,"column":30},"end":{"line":549,"column":1}},"277":{"start":{"line":520,"column":23},"end":{"line":520,"column":66}},"278":{"start":{"line":520,"column":44},"end":{"line":520,"column":65}},"279":{"start":{"line":522,"column":22},"end":{"line":533,"column":7}},"280":{"start":{"line":523,"column":4},"end":{"line":531,"column":5}},"281":{"start":{"line":524,"column":19},"end":{"line":524,"column":38}},"282":{"start":{"line":525,"column":19},"end":{"line":525,"column":30}},"283":{"start":{"line":527,"column":8},"end":{"line":529,"column":54}},"284":{"start":{"line":530,"column":6},"end":{"line":530,"column":39}},"285":{"start":{"line":532,"column":4},"end":{"line":532,"column":15}},"286":{"start":{"line":535,"column":20},"end":{"line":546,"column":7}},"287":{"start":{"line":536,"column":4},"end":{"line":544,"column":5}},"288":{"start":{"line":537,"column":19},"end":{"line":537,"column":38}},"289":{"start":{"line":538,"column":19},"end":{"line":538,"column":30}},"290":{"start":{"line":540,"column":8},"end":{"line":542,"column":54}},"291":{"start":{"line":543,"column":6},"end":{"line":543,"column":49}},"292":{"start":{"line":545,"column":4},"end":{"line":545,"column":15}},"293":{"start":{"line":548,"column":2},"end":{"line":548,"column":62}},"294":{"start":{"line":551,"column":22},"end":{"line":691,"column":1}},"295":{"start":{"line":552,"column":2},"end":{"line":690,"column":3}},"296":{"start":{"line":553,"column":19},"end":{"line":553,"column":58}},"297":{"start":{"line":554,"column":25},"end":{"line":554,"column":68}},"298":{"start":{"line":554,"column":46},"end":{"line":554,"column":67}},"299":{"start":{"line":556,"column":24},"end":{"line":556,"column":37}},"300":{"start":{"line":557,"column":27},"end":{"line":557,"column":53}},"301":{"start":{"line":558,"column":24},"end":{"line":558,"column":66}},"302":{"start":{"line":559,"column":26},"end":{"line":559,"column":62}},"303":{"start":{"line":561,"column":16},"end":{"line":561,"column":26}},"304":{"start":{"line":562,"column":28},"end":{"line":562,"column":68}},"305":{"start":{"line":563,"column":29},"end":{"line":563,"column":73}},"306":{"start":{"line":565,"column":31},"end":{"line":565,"column":68}},"307":{"start":{"line":566,"column":32},"end":{"line":566,"column":70}},"308":{"start":{"line":568,"column":23},"end":{"line":577,"column":6}},"309":{"start":{"line":569,"column":6},"end":{"line":575,"column":7}},"310":{"start":{"line":570,"column":21},"end":{"line":570,"column":44}},"311":{"start":{"line":571,"column":21},"end":{"line":571,"column":36}},"312":{"start":{"line":572,"column":8},"end":{"line":574,"column":67}},"313":{"start":{"line":576,"column":6},"end":{"line":576,"column":19}},"314":{"start":{"line":580,"column":6},"end":{"line":582,"column":16}},"315":{"start":{"line":584,"column":20},"end":{"line":595,"column":9}},"316":{"start":{"line":585,"column":6},"end":{"line":593,"column":7}},"317":{"start":{"line":586,"column":21},"end":{"line":586,"column":44}},"318":{"start":{"line":587,"column":21},"end":{"line":587,"column":36}},"319":{"start":{"line":589,"column":10},"end":{"line":591,"column":64}},"320":{"start":{"line":592,"column":8},"end":{"line":592,"column":24}},"321":{"start":{"line":594,"column":6},"end":{"line":594,"column":17}},"322":{"start":{"line":597,"column":25},"end":{"line":597,"column":54}},"323":{"start":{"line":599,"column":25},"end":{"line":619,"column":9}},"324":{"start":{"line":600,"column":21},"end":{"line":600,"column":42}},"325":{"start":{"line":603,"column":10},"end":{"line":604,"column":45}},"326":{"start":{"line":607,"column":19},"end":{"line":619,"column":7}},"327":{"start":{"line":621,"column":24},"end":{"line":621,"column":52}},"328":{"start":{"line":622,"column":23},"end":{"line":622,"column":50}},"329":{"start":{"line":623,"column":29},"end":{"line":623,"column":59}},"330":{"start":{"line":625,"column":27},"end":{"line":625,"column":63}},"331":{"start":{"line":626,"column":24},"end":{"line":626,"column":61}},"332":{"start":{"line":627,"column":26},"end":{"line":629,"column":19}},"333":{"start":{"line":631,"column":32},"end":{"line":631,"column":73}},"334":{"start":{"line":632,"column":29},"end":{"line":632,"column":71}},"335":{"start":{"line":633,"column":31},"end":{"line":635,"column":66}},"336":{"start":{"line":637,"column":30},"end":{"line":637,"column":55}},"337":{"start":{"line":638,"column":27},"end":{"line":638,"column":53}},"338":{"start":{"line":639,"column":29},"end":{"line":648,"column":7}},"339":{"start":{"line":650,"column":30},"end":{"line":650,"column":64}},"340":{"start":{"line":652,"column":23},"end":{"line":652,"column":56}},"341":{"start":{"line":653,"column":35},"end":{"line":653,"column":74}},"342":{"start":{"line":654,"column":36},"end":{"line":654,"column":76}},"343":{"start":{"line":655,"column":29},"end":{"line":655,"column":77}},"344":{"start":{"line":658,"column":35},"end":{"line":658,"column":72}},"345":{"start":{"line":659,"column":32},"end":{"line":659,"column":68}},"346":{"start":{"line":661,"column":4},"end":{"line":686,"column":7}},"347":{"start":{"line":688,"column":4},"end":{"line":688,"column":41}},"348":{"start":{"line":689,"column":4},"end":{"line":689,"column":54}},"349":{"start":{"line":693,"column":25},"end":{"line":751,"column":1}},"350":{"start":{"line":694,"column":2},"end":{"line":750,"column":3}},"351":{"start":{"line":695,"column":17},"end":{"line":695,"column":41}},"352":{"start":{"line":696,"column":18},"end":{"line":696,"column":47}},"353":{"start":{"line":698,"column":4},"end":{"line":702,"column":5}},"354":{"start":{"line":699,"column":6},"end":{"line":701,"column":62}},"355":{"start":{"line":705,"column":22},"end":{"line":705,"column":56}},"356":{"start":{"line":706,"column":20},"end":{"line":706,"column":58}},"357":{"start":{"line":708,"column":19},"end":{"line":715,"column":6}},"358":{"start":{"line":717,"column":22},"end":{"line":717,"column":24}},"359":{"start":{"line":719,"column":4},"end":{"line":734,"column":7}},"360":{"start":{"line":721,"column":18},"end":{"line":721,"column":55}},"361":{"start":{"line":723,"column":6},"end":{"line":725,"column":7}},"362":{"start":{"line":724,"column":8},"end":{"line":724,"column":76}},"363":{"start":{"line":727,"column":18},"end":{"line":727,"column":31}},"364":{"start":{"line":728,"column":6},"end":{"line":728,"column":34}},"365":{"start":{"line":729,"column":6},"end":{"line":729,"column":37}},"366":{"start":{"line":730,"column":6},"end":{"line":730,"column":41}},"367":{"start":{"line":730,"column":19},"end":{"line":730,"column":41}},"368":{"start":{"line":731,"column":6},"end":{"line":733,"column":7}},"369":{"start":{"line":732,"column":8},"end":{"line":732,"column":49}},"370":{"start":{"line":737,"column":4},"end":{"line":744,"column":5}},"371":{"start":{"line":738,"column":23},"end":{"line":738,"column":37}},"372":{"start":{"line":739,"column":6},"end":{"line":741,"column":8}},"373":{"start":{"line":742,"column":6},"end":{"line":742,"column":73}},"374":{"start":{"line":743,"column":6},"end":{"line":743,"column":72}},"375":{"start":{"line":746,"column":4},"end":{"line":746,"column":24}},"376":{"start":{"line":748,"column":4},"end":{"line":748,"column":50}},"377":{"start":{"line":749,"column":4},"end":{"line":749,"column":54}},"378":{"start":{"line":753,"column":27},"end":{"line":775,"column":1}},"379":{"start":{"line":754,"column":33},"end":{"line":754,"column":42}},"380":{"start":{"line":755,"column":2},"end":{"line":759,"column":3}},"381":{"start":{"line":756,"column":4},"end":{"line":758,"column":70}},"382":{"start":{"line":761,"column":2},"end":{"line":774,"column":3}},"383":{"start":{"line":762,"column":19},"end":{"line":769,"column":32}},"384":{"start":{"line":770,"column":4},"end":{"line":770,"column":21}},"385":{"start":{"line":772,"column":4},"end":{"line":772,"column":62}},"386":{"start":{"line":773,"column":4},"end":{"line":773,"column":54}},"387":{"start":{"line":777,"column":0},"end":{"line":788,"column":2}}},"fnMap":{"0":{"name":"(anonymous_0)","decl":{"start":{"line":4,"column":20},"end":{"line":4,"column":21}},"loc":{"start":{"line":4,"column":40},"end":{"line":42,"column":1}},"line":4},"1":{"name":"(anonymous_1)","decl":{"start":{"line":44,"column":21},"end":{"line":44,"column":22}},"loc":{"start":{"line":44,"column":41},"end":{"line":68,"column":1}},"line":44},"2":{"name":"(anonymous_2)","decl":{"start":{"line":70,"column":21},"end":{"line":70,"column":22}},"loc":{"start":{"line":70,"column":41},"end":{"line":89,"column":1}},"line":70},"3":{"name":"(anonymous_3)","decl":{"start":{"line":91,"column":20},"end":{"line":91,"column":21}},"loc":{"start":{"line":91,"column":40},"end":{"line":147,"column":1}},"line":91},"4":{"name":"(anonymous_4)","decl":{"start":{"line":149,"column":20},"end":{"line":149,"column":21}},"loc":{"start":{"line":149,"column":40},"end":{"line":169,"column":1}},"line":149},"5":{"name":"(anonymous_5)","decl":{"start":{"line":171,"column":37},"end":{"line":171,"column":38}},"loc":{"start":{"line":171,"column":49},"end":{"line":239,"column":1}},"line":171},"6":{"name":"(anonymous_6)","decl":{"start":{"line":182,"column":33},"end":{"line":182,"column":34}},"loc":{"start":{"line":182,"column":40},"end":{"line":182,"column":49}},"line":182},"7":{"name":"(anonymous_7)","decl":{"start":{"line":185,"column":22},"end":{"line":185,"column":23}},"loc":{"start":{"line":185,"column":31},"end":{"line":188,"column":3}},"line":185},"8":{"name":"(anonymous_8)","decl":{"start":{"line":194,"column":22},"end":{"line":194,"column":23}},"loc":{"start":{"line":194,"column":34},"end":{"line":207,"column":3}},"line":194},"9":{"name":"(anonymous_9)","decl":{"start":{"line":210,"column":39},"end":{"line":210,"column":40}},"loc":{"start":{"line":210,"column":49},"end":{"line":210,"column":54}},"line":210},"10":{"name":"(anonymous_10)","decl":{"start":{"line":212,"column":20},"end":{"line":212,"column":21}},"loc":{"start":{"line":212,"column":27},"end":{"line":212,"column":53}},"line":212},"11":{"name":"(anonymous_11)","decl":{"start":{"line":212,"column":62},"end":{"line":212,"column":63}},"loc":{"start":{"line":212,"column":72},"end":{"line":212,"column":77}},"line":212},"12":{"name":"(anonymous_12)","decl":{"start":{"line":219,"column":12},"end":{"line":219,"column":13}},"loc":{"start":{"line":219,"column":19},"end":{"line":219,"column":24}},"line":219},"13":{"name":"(anonymous_13)","decl":{"start":{"line":220,"column":12},"end":{"line":220,"column":13}},"loc":{"start":{"line":220,"column":24},"end":{"line":220,"column":31}},"line":220},"14":{"name":"(anonymous_14)","decl":{"start":{"line":222,"column":23},"end":{"line":222,"column":24}},"loc":{"start":{"line":222,"column":30},"end":{"line":222,"column":35}},"line":222},"15":{"name":"(anonymous_15)","decl":{"start":{"line":222,"column":44},"end":{"line":222,"column":45}},"loc":{"start":{"line":222,"column":56},"end":{"line":222,"column":63}},"line":222},"16":{"name":"(anonymous_16)","decl":{"start":{"line":241,"column":31},"end":{"line":241,"column":32}},"loc":{"start":{"line":241,"column":43},"end":{"line":271,"column":1}},"line":241},"17":{"name":"(anonymous_17)","decl":{"start":{"line":247,"column":35},"end":{"line":247,"column":36}},"loc":{"start":{"line":247,"column":42},"end":{"line":247,"column":61}},"line":247},"18":{"name":"(anonymous_18)","decl":{"start":{"line":249,"column":25},"end":{"line":249,"column":26}},"loc":{"start":{"line":249,"column":35},"end":{"line":249,"column":40}},"line":249},"19":{"name":"(anonymous_19)","decl":{"start":{"line":254,"column":9},"end":{"line":254,"column":10}},"loc":{"start":{"line":254,"column":16},"end":{"line":259,"column":5}},"line":254},"20":{"name":"(anonymous_20)","decl":{"start":{"line":260,"column":12},"end":{"line":260,"column":13}},"loc":{"start":{"line":260,"column":19},"end":{"line":260,"column":24}},"line":260},"21":{"name":"(anonymous_21)","decl":{"start":{"line":263,"column":36},"end":{"line":263,"column":37}},"loc":{"start":{"line":263,"column":46},"end":{"line":263,"column":51}},"line":263},"22":{"name":"(anonymous_22)","decl":{"start":{"line":273,"column":37},"end":{"line":273,"column":38}},"loc":{"start":{"line":273,"column":49},"end":{"line":314,"column":1}},"line":273},"23":{"name":"(anonymous_23)","decl":{"start":{"line":276,"column":4},"end":{"line":276,"column":5}},"loc":{"start":{"line":276,"column":11},"end":{"line":276,"column":63}},"line":276},"24":{"name":"(anonymous_24)","decl":{"start":{"line":280,"column":23},"end":{"line":280,"column":24}},"loc":{"start":{"line":280,"column":34},"end":{"line":291,"column":3}},"line":280},"25":{"name":"(anonymous_25)","decl":{"start":{"line":282,"column":23},"end":{"line":282,"column":24}},"loc":{"start":{"line":282,"column":32},"end":{"line":290,"column":5}},"line":282},"26":{"name":"(anonymous_26)","decl":{"start":{"line":295,"column":9},"end":{"line":295,"column":10}},"loc":{"start":{"line":295,"column":20},"end":{"line":312,"column":5}},"line":295},"27":{"name":"(anonymous_27)","decl":{"start":{"line":299,"column":33},"end":{"line":299,"column":34}},"loc":{"start":{"line":299,"column":40},"end":{"line":299,"column":53}},"line":299},"28":{"name":"(anonymous_28)","decl":{"start":{"line":302,"column":37},"end":{"line":302,"column":38}},"loc":{"start":{"line":302,"column":49},"end":{"line":302,"column":64}},"line":302},"29":{"name":"(anonymous_29)","decl":{"start":{"line":313,"column":10},"end":{"line":313,"column":11}},"loc":{"start":{"line":313,"column":20},"end":{"line":313,"column":43}},"line":313},"30":{"name":"(anonymous_30)","decl":{"start":{"line":316,"column":15},"end":{"line":316,"column":16}},"loc":{"start":{"line":316,"column":26},"end":{"line":323,"column":1}},"line":316},"31":{"name":"(anonymous_31)","decl":{"start":{"line":325,"column":28},"end":{"line":325,"column":29}},"loc":{"start":{"line":325,"column":40},"end":{"line":346,"column":1}},"line":325},"32":{"name":"(anonymous_32)","decl":{"start":{"line":326,"column":37},"end":{"line":326,"column":38}},"loc":{"start":{"line":326,"column":44},"end":{"line":326,"column":65}},"line":326},"33":{"name":"(anonymous_33)","decl":{"start":{"line":329,"column":35},"end":{"line":329,"column":36}},"loc":{"start":{"line":329,"column":42},"end":{"line":329,"column":55}},"line":329},"34":{"name":"(anonymous_34)","decl":{"start":{"line":330,"column":37},"end":{"line":330,"column":38}},"loc":{"start":{"line":330,"column":44},"end":{"line":330,"column":58}},"line":330},"35":{"name":"(anonymous_35)","decl":{"start":{"line":337,"column":20},"end":{"line":337,"column":21}},"loc":{"start":{"line":337,"column":32},"end":{"line":337,"column":47}},"line":337},"36":{"name":"(anonymous_36)","decl":{"start":{"line":341,"column":22},"end":{"line":341,"column":23}},"loc":{"start":{"line":341,"column":34},"end":{"line":341,"column":49}},"line":341},"37":{"name":"(anonymous_37)","decl":{"start":{"line":348,"column":32},"end":{"line":348,"column":33}},"loc":{"start":{"line":348,"column":44},"end":{"line":365,"column":1}},"line":348},"38":{"name":"(anonymous_38)","decl":{"start":{"line":350,"column":37},"end":{"line":350,"column":38}},"loc":{"start":{"line":35
[...]
,"D:\\Development\\Web_Api_Backend\\models\\Payment.js": {"path":"D:\\Development\\Web_Api_Backend\\models\\Payment.js","statementMap":{"0":{"start":{"line":1,"column":17},"end":{"line":1,"column":36}},"1":{"start":{"line":3,"column":22},"end":{"line":34,"column":1}},"2":{"start":{"line":36,"column":0},"end":{"line":36,"column":58}}},"fnMap":{},"branchMap":{},"s":{"0":5,"1":5,"2":5},"f":{},"b":{},"_coverageSchema":"1a1c01bbd47fc00a2c39e90264f33305004495a9","hash":"6121850ecb89fd5af766fc92315b07e8f2323826"}
,"D:\\Development\\Web_Api_Backend\\models\\Profile.js": {"path":"D:\\Development\\Web_Api_Backend\\models\\Profile.js","statementMap":{"0":{"start":{"line":1,"column":17},"end":{"line":1,"column":36}},"1":{"start":{"line":3,"column":22},"end":{"line":34,"column":1}},"2":{"start":{"line":36,"column":0},"end":{"line":36,"column":58}}},"fnMap":{},"branchMap":{},"s":{"0":5,"1":5,"2":5},"f":{},"b":{},"_coverageSchema":"1a1c01bbd47fc00a2c39e90264f33305004495a9","hash":"7e4cf0383e3161cae00852e72ccc3d9e93d9b578"}
,"D:\\Development\\Web_Api_Backend\\models\\Subscription.js": {"path":"D:\\Development\\Web_Api_Backend\\models\\Subscription.js","statementMap":{"0":{"start":{"line":1,"column":17},"end":{"line":1,"column":36}},"1":{"start":{"line":3,"column":27},"end":{"line":37,"column":1}},"2":{"start":{"line":40,"column":0},"end":{"line":50,"column":3}},"3":{"start":{"line":41,"column":2},"end":{"line":48,"column":3}},"4":{"start":{"line":42,"column":16},"end":{"line":42,"column":26}},"5":{"start":{"line":43,"column":4},"end":{"line":47,"column":5}},"6":{"start":{"line":44,"column":6},"end":{"line":44,"column":70}},"7":{"start":{"line":46,"column":6},"end":{"line":46,"column":64}},"8":{"start":{"line":49,"column":2},"end":{"line":49,"column":9}},"9":{"start":{"line":52,"column":0},"end":{"line":52,"column":66}}},"fnMap":{"0":{"name":"(anonymous_0)","decl":{"start":{"line":40,"column":31},"end":{"line":40,"column":32}},"loc":{"start":{"line":40,"column":47},"end":{"line":50,"column":1}},"line":40}},"branchMap":{"0":{"loc":{"start":{"line":41,"column":2},"end":{"line":48,"column":3}},"type":"if","locations":[{"start":{"line":41,"column":2},"end":{"line":48,"column":3}},{"start":{},"end":{}}],"line":41},"1":{"loc":{"start":{"line":43,"column":4},"end":{"line":47,"column":5}},"type":"if","locations":[{"start":{"line":43,"column":4},"end":{"line":47,"column":5}},{"start":{"line":45,"column":11},"end":{"line":47,"column":5}}],"line":43}},"s":{"0":5,"1":5,"2":5,"3":3,"4":2,"5":2,"6":1,"7":1,"8":3,"9":5},"f":{"0":3},"b":{"0":[2,1],"1":[1,1]},"_coverageSchema":"1a1c01bbd47fc00a2c39e90264f33305004495a9","hash":"497a5dc923c54e8fad386c225bfda1a58e90667c"}
,"D:\\Development\\Web_Api_Backend\\models\\Trade.js": {"path":"D:\\Development\\Web_Api_Backend\\models\\Trade.js","statementMap":{"0":{"start":{"line":1,"column":17},"end":{"line":1,"column":36}},"1":{"start":{"line":2,"column":15},"end":{"line":2,"column":30}},"2":{"start":{"line":4,"column":20},"end":{"line":84,"column":1}},"3":{"start":{"line":86,"column":14},"end":{"line":86,"column":50}},"4":{"start":{"line":88,"column":0},"end":{"line":88,"column":23}}},"fnMap":{},"branchMap":{},"s":{"0":5,"1":5,"2":5,"3":5,"4":5},"f":{},"b":{},"_coverageSchema":"1a1c01bbd47fc00a2c39e90264f33305004495a9","hash":"ce354e981b70a970f25b1a2c4cdca6bdcef8a6ab"}
,"D:\\Development\\Web_Api_Backend\\models\\User.js": {"path":"D:\\Development\\Web_Api_Backend\\models\\User.js","statementMap":{"0":{"start":{"line":1,"column":17},"end":{"line":1,"column":36}},"1":{"start":{"line":3,"column":19},"end":{"line":25,"column":1}},"2":{"start":{"line":27,"column":0},"end":{"line":27,"column":52}}},"fnMap":{},"branchMap":{},"s":{"0":5,"1":5,"2":5},"f":{},"b":{},"_coverageSchema":"1a1c01bbd47fc00a2c39e90264f33305004495a9","hash":"0fee477d7864b14cfa6ef6a9cc0109c80c1aca2b"}
,"D:\\Development\\Web_Api_Backend\\routes\\checkoutRoutes.js": {"path":"D:\\Development\\Web_Api_Backend\\routes\\checkoutRoutes.js","statementMap":{"0":{"start":{"line":1,"column":16},"end":{"line":1,"column":34}},"1":{"start":{"line":2,"column":27},"end":{"line":2,"column":71}},"2":{"start":{"line":3,"column":27},"end":{"line":3,"column":69}},"3":{"start":{"line":5,"column":15},"end":{"line":5,"column":31}},"4":{"start":{"line":6,"column":0},"end":{"line":6,"column":49}},"5":{"start":{"line":8,"column":0},"end":{"line":8,"column":24}}},"fnMap":{},"branchMap":{},"s":{"0":5,"1":5,"2":5,"3":5,"4":5,"5":5},"f":{},"b":{},"_coverageSchema":"1a1c01bbd47fc00a2c39e90264f33305004495a9","hash":"bed48b36a29737ee0832614bb46effc3ce213856"}
,"D:\\Development\\Web_Api_Backend\\routes\\paymentRoutes.js": {"path":"D:\\Development\\Web_Api_Backend\\routes\\paymentRoutes.js","statementMap":{"0":{"start":{"line":1,"column":16},"end":{"line":1,"column":34}},"1":{"start":{"line":5,"column":4},"end":{"line":5,"column":47}},"2":{"start":{"line":6,"column":25},"end":{"line":6,"column":67}},"3":{"start":{"line":8,"column":15},"end":{"line":8,"column":31}},"4":{"start":{"line":10,"column":0},"end":{"line":10,"column":55}},"5":{"start":{"line":11,"column":0},"end":{"line":11,"column":46}},"6":{"start":{"line":14,"column":0},"end":{"line":14,"column":24}}},"fnMap":{},"branchMap":{},"s":{"0":5,"1":5,"2":5,"3":5,"4":5,"5":5,"6":5},"f":{},"b":{},"_coverageSchema":"1a1c01bbd47fc00a2c39e90264f33305004495a9","hash":"23a19cbcb3fe497465d972687382d8555fb9d869"}
,"D:\\Development\\Web_Api_Backend\\routes\\subscriptionRoutes.js": {"path":"D:\\Development\\Web_Api_Backend\\routes\\subscriptionRoutes.js","statementMap":{"0":{"start":{"line":1,"column":16},"end":{"line":1,"column":34}},"1":{"start":{"line":6,"column":4},"end":{"line":6,"column":52}},"2":{"start":{"line":7,"column":33},"end":{"line":7,"column":75}},"3":{"start":{"line":9,"column":15},"end":{"line":9,"column":31}},"4":{"start":{"line":11,"column":0},"end":{"line":11,"column":53}},"5":{"start":{"line":12,"column":0},"end":{"line":12,"column":58}},"6":{"start":{"line":13,"column":0},"end":{"line":13,"column":62}},"7":{"start":{"line":15,"column":0},"end":{"line":15,"column":24}}},"fnMap":{},"branchMap":{},"s":{"0":5,"1":5,"2":5,"3":5,"4":5,"5":5,"6":5,"7":5},"f":{},"b":{},"_coverageSchema":"1a1c01bbd47fc00a2c39e90264f33305004495a9","hash":"03dd25ec04e063af004c7eb3c68fe264016ec3ea"}
,"D:\\Development\\Web_Api_Backend\\routes\\userRoutes.js": {"path":"D:\\Development\\Web_Api_Backend\\routes\\userRoutes.js","statementMap":{"0":{"start":{"line":1,"column":16},"end":{"line":1,"column":34}},"1":{"start":{"line":2,"column":63},"end":{"line":2,"column":103}},"2":{"start":{"line":3,"column":15},"end":{"line":3,"column":31}},"3":{"start":{"line":5,"column":0},"end":{"line":5,"column":37}},"4":{"start":{"line":6,"column":0},"end":{"line":6,"column":31}},"5":{"start":{"line":7,"column":0},"end":{"line":7,"column":45}},"6":{"start":{"line":8,"column":0},"end":{"line":8,"column":53}},"7":{"start":{"line":10,"column":0},"end":{"line":10,"column":24}}},"fnMap":{},"branchMap":{},"s":{"0":5,"1":5,"2":5,"3":5,"4":5,"5":5,"6":5,"7":5},"f":{},"b":{},"_coverageSchema":"1a1c01bbd47fc00a2c39e90264f33305004495a9","hash":"ea8e74378dfaacb5c224b41adcb2d5253d24e4a4"}
,"D:\\Development\\Web_Api_Backend\\routes\\admin\\adminRoutes.js": {"path":"D:\\Development\\Web_Api_Backend\\routes\\admin\\adminRoutes.js","statementMap":{"0":{"start":{"line":1,"column":16},"end":{"line":1,"column":34}},"1":{"start":{"line":2,"column":60},"end":{"line":2,"column":109}},"2":{"start":{"line":3,"column":36},"end":{"line":3,"column":81}},"3":{"start":{"line":4,"column":15},"end":{"line":4,"column":31}},"4":{"start":{"line":6,"column":0},"end":{"line":6,"column":51}},"5":{"start":{"line":7,"column":0},"end":{"line":7,"column":30}},"6":{"start":{"line":8,"column":0},"end":{"line":8,"column":30}},"7":{"start":{"line":9,"column":0},"end":{"line":9,"column":33}},"8":{"start":{"line":12,"column":0},"end":{"line":12,"column":23}}},"fnMap":{},"branchMap":{},"s":{"0":5,"1":5,"2":5,"3":5,"4":5,"5":5,"6":5,"7":5,"8":5},"f":{},"b":{},"_coverageSchema":"1a1c01bbd47fc00a2c39e90264f33305004495a9","hash":"66b7fe6207e0d1349bd814210baf117a06fc73e3"}
,"D:\\Development\\Web_Api_Backend\\routes\\admin\\billingRoutes.js": {"path":"D:\\Development\\Web_Api_Backend\\routes\\admin\\billingRoutes.js","statementMap":{"0":{"start":{"line":1,"column":16},"end":{"line":1,"column":34}},"1":{"start":{"line":2,"column":15},"end":{"line":2,"column":31}},"2":{"start":{"line":6,"column":4},"end":{"line":6,"column":49}},"3":{"start":{"line":11,"column":4},"end":{"line":11,"column":56}},"4":{"start":{"line":13,"column":0},"end":{"line":13,"column":76}},"5":{"start":{"line":14,"column":0},"end":{"line":14,"column":73}},"6":{"start":{"line":15,"column":0},"end":{"line":15,"column":77}},"7":{"start":{"line":18,"column":0},"end":{"line":18,"column":24}}},"fnMap":{},"branchMap":{},"s":{"0":5,"1":5,"2":5,"3":5,"4":5,"5":5,"6":5,"7":5},"f":{},"b":{},"_coverageSchema":"1a1c01bbd47fc00a2c39e90264f33305004495a9","hash":"d489e2c2bdd66d6aa0fa6de1bce2ae9fe1ddf471"}
,"D:\\Development\\Web_Api_Backend\\routes\\admin\\conversationRoutes.js": {"path":"D:\\Development\\Web_Api_Backend\\routes\\admin\\conversationRoutes.js","statementMap":{"0":{"start":{"line":1,"column":16},"end":{"line":1,"column":34}},"1":{"start":{"line":2,"column":15},"end":{"line":2,"column":31}},"2":{"start":{"line":3,"column":42},"end":{"line":3,"column":87}},"3":{"start":{"line":10,"column":4},"end":{"line":10,"column":61}},"4":{"start":{"line":11,"column":15},"end":{"line":11,"column":54}},"5":{"start":{"line":13,"column":0},"end":{"line":13,"column":65}},"6":{"start":{"line":14,"column":0},"end":{"line":14,"column":65}},"7":{"start":{"line":15,"column":0},"end":{"line":20,"column":2}},"8":{"start":{"line":21,"column":0},"end":{"line":21,"column":93}},"9":{"start":{"line":22,"column":0},"end":{"line":22,"column":87}},"10":{"start":{"line":25,"column":0},"end":{"line":25,"column":24}}},"fnMap":{},"branchMap":{},"s":{"0":5,"1":5,"2":5,"3":5,"4":5,"5":5,"6":5,"7":5,"8":5,"9":5,"10":5},"f":{},"b":{},"_coverageSchema":"1a1c01bbd47fc00a2c39e90264f33305004495a9","hash":"f593f67c38720fbd8ce2d4e7a40604bcef8ee5d6"}
,"D:\\Development\\Web_Api_Backend\\routes\\admin\\goalRoutes.js": {"path":"D:\\Development\\Web_Api_Backend\\routes\\admin\\goalRoutes.js","statementMap":{"0":{"start":{"line":1,"column":16},"end":{"line":1,"column":34}},"1":{"start":{"line":2,"column":15},"end":{"line":2,"column":31}},"2":{"start":{"line":3,"column":23},"end":{"line":3,"column":72}},"3":{"start":{"line":7,"column":4},"end":{"line":7,"column":49}},"4":{"start":{"line":9,"column":0},"end":{"line":9,"column":75}},"5":{"start":{"line":10,"column":0},"end":{"line":10,"column":72}},"6":{"start":{"line":11,"column":0},"end":{"line":11,"column":77}},"7":{"start":{"line":12,"column":0},"end":{"line":12,"column":80}},"8":{"start":{"line":14,"column":0},"end":{"line":14,"column":24}}},"fnMap":{},"branchMap":{},"s":{"0":5,"1":5,"2":5,"3":5,"4":5,"5":5,"6":5,"7":5,"8":5},"f":{},"b":{},"_coverageSchema":"1a1c01bbd47fc00a2c39e90264f33305004495a9","hash":"24c8ee026241bf8d6d18185b79e4ef4eab7af6fa"}
,"D:\\Development\\Web_Api_Backend\\routes\\admin\\logRoutes.js": {"path":"D:\\Development\\Web_Api_Backend\\routes\\admin\\logRoutes.js","statementMap":{"0":{"start":{"line":1,"column":16},"end":{"line":1,"column":34}},"1":{"start":{"line":2,"column":15},"end":{"line":2,"column":31}},"2":{"start":{"line":14,"column":4},"end":{"line":14,"column":52}},"3":{"start":{"line":17,"column":41},"end":{"line":17,"column":86}},"4":{"start":{"line":19,"column":16},"end":{"line":19,"column":55}},"5":{"start":{"line":24,"column":0},"end":{"line":24,"column":66}},"6":{"start":{"line":25,"column":0},"end":{"line":25,"column":70}},"7":{"start":{"line":26,"column":0},"end":{"line":26,"column":72}},"8":{"start":{"line":27,"column":0},"end":{"line":29,"column":51}},"9":{"start":{"line":31,"column":0},"end":{"line":34,"column":53}},"10":{"start":{"line":37,"column":0},"end":{"line":37,"column":24}}},"fnMap":{},"branchMap":{},"s":{"0":5,"1":5,"2":5,"3":5,"4":5,"5":5,"6":5,"7":5,"8":5,"9":5,"10":5},"f":{},"b":{},"_coverageSchema":"1a1c01bbd47fc00a2c39e90264f33305004495a9","hash":"c10cdfd1e38739443f2697288d7deb711d1d4979"}
,"D:\\Development\\Web_Api_Backend\\routes\\admin\\notificationRoutes.js": {"path":"D:\\Development\\Web_Api_Backend\\routes\\admin\\notificationRoutes.js","statementMap":{"0":{"start":{"line":1,"column":16},"end":{"line":1,"column":34}},"1":{"start":{"line":2,"column":15},"end":{"line":2,"column":31}},"2":{"start":{"line":6,"column":4},"end":{"line":6,"column":49}},"3":{"start":{"line":10,"column":4},"end":{"line":10,"column":61}},"4":{"start":{"line":12,"column":0},"end":{"line":12,"column":67}},"5":{"start":{"line":13,"column":0},"end":{"line":13,"column":77}},"6":{"start":{"line":15,"column":0},"end":{"line":15,"column":24}}},"fnMap":{},"branchMap":{},"s":{"0":5,"1":5,"2":5,"3":5,"4":5,"5":5,"6":5},"f":{},"b":{},"_coverageSchema":"1a1c01bbd47fc00a2c39e90264f33305004495a9","hash":"a546e2192979f179b079d178d10b616aadb00798"}
,"D:\\Development\\Web_Api_Backend\\routes\\admin\\profileRoutes.js": {"path":"D:\\Development\\Web_Api_Backend\\routes\\admin\\profileRoutes.js","statementMap":{"0":{"start":{"line":1,"column":16},"end":{"line":1,"column":34}},"1":{"start":{"line":5,"column":4},"end":{"line":5,"column":56}},"2":{"start":{"line":9,"column":4},"end":{"line":9,"column":49}},"3":{"start":{"line":10,"column":15},"end":{"line":10,"column":54}},"4":{"start":{"line":11,"column":15},"end":{"line":11,"column":31}},"5":{"start":{"line":13,"column":0},"end":{"line":13,"column":63}},"6":{"start":{"line":14,"column":0},"end":{"line":20,"column":2}},"7":{"start":{"line":22,"column":0},"end":{"line":22,"column":24}}},"fnMap":{},"branchMap":{},"s":{"0":5,"1":5,"2":5,"3":5,"4":5,"5":5,"6":5,"7":5},"f":{},"b":{},"_coverageSchema":"1a1c01bbd47fc00a2c39e90264f33305004495a9","hash":"55a19d9ba1c2b893d75c5d8474896cc2c493730f"}
,"D:\\Development\\Web_Api_Backend\\routes\\admin\\securityRoutes.js": {"path":"D:\\Development\\Web_Api_Backend\\routes\\admin\\securityRoutes.js","statementMap":{"0":{"start":{"line":1,"column":16},"end":{"line":1,"column":34}},"1":{"start":{"line":2,"column":15},"end":{"line":2,"column":31}},"2":{"start":{"line":6,"column":4},"end":{"line":6,"column":49}},"3":{"start":{"line":11,"column":4},"end":{"line":11,"column":57}},"4":{"start":{"line":13,"column":0},"end":{"line":13,"column":80}},"5":{"start":{"line":14,"column":0},"end":{"line":14,"column":69}},"6":{"start":{"line":15,"column":0},"end":{"line":15,"column":70}},"7":{"start":{"line":17,"column":0},"end":{"line":17,"column":24}}},"fnMap":{},"branchMap":{},"s":{"0":5,"1":5,"2":5,"3":5,"4":5,"5":5,"6":5,"7":5},"f":{},"b":{},"_coverageSchema":"1a1c01bbd47fc00a2c39e90264f33305004495a9","hash":"062740f14634825dea95003a581d5328dfca6ad8"}
,"D:\\Development\\Web_Api_Backend\\services\\scheduler.js": {"path":"D:\\Development\\Web_Api_Backend\\services\\scheduler.js","statementMap":{"0":{"start":{"line":1,"column":13},"end":{"line":1,"column":33}},"1":{"start":{"line":2,"column":13},"end":{"line":2,"column":38}},"2":{"start":{"line":3,"column":14},"end":{"line":3,"column":40}},"3":{"start":{"line":4,"column":21},"end":{"line":4,"column":54}},"4":{"start":{"line":5,"column":18},"end":{"line":5,"column":57}},"5":{"start":{"line":9,"column":4},"end":{"line":9,"column":49}},"6":{"start":{"line":11,"column":28},"end":{"line":45,"column":1}},"7":{"start":{"line":12,"column":2},"end":{"line":12,"column":47}},"8":{"start":{"line":13,"column":2},"end":{"line":44,"column":3}},"9":{"start":{"line":14,"column":18},"end":{"line":14,"column":37}},"10":{"start":{"line":15,"column":23},"end":{"line":15,"column":77}},"11":{"start":{"line":17,"column":4},"end":{"line":41,"column":5}},"12":{"start":{"line":18,"column":27},"end":{"line":22,"column":8}},"13":{"start":{"line":24,"column":6},"end":{"line":40,"column":7}},"14":{"start":{"line":25,"column":26},"end":{"line":28,"column":9}},"15":{"start":{"line":26,"column":26},"end":{"line":26,"column":45}},"16":{"start":{"line":29,"column":30},"end":{"line":29,"column":60}},"17":{"start":{"line":31,"column":29},"end":{"line":38,"column":10}},"18":{"start":{"line":39,"column":8},"end":{"line":39,"column":79}},"19":{"start":{"line":43,"column":4},"end":{"line":43,"column":60}},"20":{"start":{"line":47,"column":26},"end":{"line":52,"column":1}},"21":{"start":{"line":49,"column":2},"end":{"line":51,"column":5}},"22":{"start":{"line":54,"column":0},"end":{"line":54,"column":39}}},"fnMap":{"0":{"name":"(anonymous_0)","decl":{"start":{"line":11,"column":28},"end":{"line":11,"column":29}},"loc":{"start":{"line":11,"column":40},"end":{"line":45,"column":1}},"line":11},"1":{"name":"(anonymous_1)","decl":{"start":{"line":26,"column":10},"end":{"line":26,"column":11}},"loc":{"start":{"line":26,"column":26},"end":{"line":26,"column":45}},"line":26},"2":{"name":"(anonymous_2)","decl":{"start":{"line":47,"column":26},"end":{"line":47,"column":27}},"loc":{"start":{"line":47,"column":32},"end":{"line":52,"column":1}},"line":47}},"branchMap":{"0":{"loc":{"start":{"line":24,"column":6},"end":{"line":40,"column":7}},"type":"if","locations":[{"start":{"line":24,"column":6},"end":{"line":40,"column":7}},{"start":{},"end":{}}],"line":24}},"s":{"0":5,"1":5,"2":5,"3":5,"4":5,"5":5,"6":5,"7":0,"8":0,"9":0,"10":0,"11":0,"12":0,"13":0,"14":0,"15":0,"16":0,"17":0,"18":0,"19":0,"20":5,"21":0,"22":5},"f":{"0":0,"1":0,"2":0},"b":{"0":[0,0]},"_coverageSchema":"1a1c01bbd47fc00a2c39e90264f33305004495a9","hash":"860bbf8ae2a5e98019b58518d68d329097e8b593"}
,"D:\\Development\\Web_Api_Backend\\utils\\tradeUtils.js": {"path":"D:\\Development\\Web_Api_Backend\\utils\\tradeUtils.js","statementMap":{"0":{"start":{"line":1,"column":14},"end":{"line":1,"column":40}},"1":{"start":{"line":3,"column":15},"end":{"line":10,"column":1}},"2":{"start":{"line":4,"column":2},"end":{"line":4,"column":54}},"3":{"start":{"line":4,"column":45},"end":{"line":4,"column":54}},"4":{"start":{"line":5,"column":15},"end":{"line":5,"column":38}},"5":{"start":{"line":6,"column":15},"end":{"line":6,"column":30}},"6":{"start":{"line":7,"column":2},"end":{"line":9,"column":57}},"7":{"start":{"line":12,"column":0},"end":{"line":14,"column":2}}},"fnMap":{"0":{"name":"(anonymous_0)","decl":{"start":{"line":3,"column":15},"end":{"line":3,"column":16}},"loc":{"start":{"line":3,"column":26},"end":{"line":10,"column":1}},"line":3}},"branchMap":{"0":{"loc":{"start":{"line":4,"column":2},"end":{"line":4,"column":54}},"type":"if","locations":[{"start":{"line":4,"column":2},"end":{"line":4,"column":54}},{"start":{},"end":{}}],"line":4},"1":{"loc":{"start":{"line":4,"column":6},"end":{"line":4,"column":43}},"type":"binary-expr","locations":[{"start":{"line":4,"column":6},"end":{"line":4,"column":22}},{"start":{"line":4,"column":26},"end":{"line":4,"column":43}}],"line":4},"2":{"loc":{"start":{"line":5,"column":15},"end":{"line":5,"column":38}},"type":"binary-expr","locations":[{"start":{"line":5,"column":15},"end":{"line":5,"column":33}},{"start":{"line":5,"column":37},"end":{"line":5,"column":38}}],"line":5},"3":{"loc":{"start":{"line":6,"column":15},"end":{"line":6,"column":30}},"type":"binary-expr","locations":[{"start":{"line":6,"column":15},"end":{"line":6,"column":25}},{"start":{"line":6,"column":29},"end":{"line":6,"column":30}}],"line":6},"4":{"loc":{"start":{"line":7,"column":9},"end":{"line":9,"column":56}},"type":"cond-expr","locations":[{"start":{"line":8,"column":6},"end":{"line":8,"column":56}},{"start":{"line":9,"column":6},"end":{"line":9,"column":56}}],"line":7}},"s":{"0":5,"1":5,"2":0,"3":0,"4":0,"5":0,"6":0,"7":5},"f":{"0":0},"b":{"0":[0,0],"1":[0,0],"2":[0,0],"3":[0,0],"4":[0,0]},"_coverageSchema":"1a1c01bbd47fc00a2c39e90264f33305004495a9","hash":"6ff41f10a4eae0d22ebf9183d95358d9f1745a36"}
}
