TN:
SF:index.js
FN:64,(anonymous_0)
FN:67,(anonymous_1)
FN:75,(anonymous_2)
FN:81,(anonymous_3)
FN:86,(anonymous_4)
FNF:5
FNH:0
FNDA:0,(anonymous_0)
FNDA:0,(anonymous_1)
FNDA:0,(anonymous_2)
FNDA:0,(anonymous_3)
FNDA:0,(anonymous_4)
DA:1,5
DA:2,5
DA:3,5
DA:4,5
DA:5,5
DA:6,5
DA:7,5
DA:8,5
DA:9,5
DA:10,5
DA:11,5
DA:12,5
DA:13,5
DA:14,5
DA:15,5
DA:16,5
DA:17,5
DA:18,5
DA:19,5
DA:20,5
DA:21,5
DA:22,5
DA:26,5
DA:27,5
DA:28,0
DA:30,5
DA:31,5
DA:32,5
DA:33,5
DA:34,5
DA:36,5
DA:37,5
DA:38,5
DA:39,5
DA:40,5
DA:44,5
DA:47,5
DA:50,5
DA:53,5
DA:56,5
DA:59,5
DA:62,5
DA:64,5
DA:65,0
DA:67,0
DA:68,0
DA:69,0
DA:75,0
DA:76,0
DA:77,0
DA:81,0
DA:83,0
DA:86,0
DA:87,0
DA:96,5
LF:55
LH:43
BRDA:27,0,0,0
BRDA:27,0,1,5
BRF:2
BRH:1
end_of_record
TN:
SF:config\db.js
FN:4,(anonymous_0)
FNF:1
FNH:1
FNDA:5,(anonymous_0)
DA:1,5
DA:2,5
DA:4,5
DA:5,5
DA:6,5
DA:7,5
DA:9,0
LF:7
LH:6
BRF:0
BRH:0
end_of_record
TN:
SF:controllers\checkoutController.js
FN:5,(anonymous_0)
FNF:1
FNH:0
FNDA:0,(anonymous_0)
DA:1,5
DA:2,5
DA:3,5
DA:5,5
DA:6,0
DA:7,0
DA:9,0
DA:10,0
DA:16,0
DA:17,0
DA:18,0
DA:19,0
DA:22,0
DA:29,0
DA:31,0
DA:38,0
DA:40,0
DA:41,0
DA:43,0
DA:54,0
DA:55,0
LF:21
LH:4
BRDA:9,0,0,0
BRDA:9,0,1,0
BRDA:9,1,0,0
BRDA:9,1,1,0
BRDA:9,1,2,0
BRDA:18,2,0,0
BRDA:18,2,1,0
BRDA:25,3,0,0
BRDA:25,3,1,0
BRDA:26,4,0,0
BRDA:26,4,1,0
BRDA:35,5,0,0
BRDA:35,5,1,0
BRF:13
BRH:0
end_of_record
TN:
SF:controllers\paymentController.js
FN:3,(anonymous_0)
FN:20,(anonymous_1)
FNF:2
FNH:0
FNDA:0,(anonymous_0)
FNDA:0,(anonymous_1)
DA:1,5
DA:3,5
DA:4,0
DA:6,0
DA:8,0
DA:9,0
DA:12,0
DA:15,0
DA:16,0
DA:20,5
DA:23,0
DA:26,0
DA:29,0
DA:33,0
DA:35,0
DA:39,0
DA:42,0
DA:44,0
DA:48,0
DA:52,0
LF:20
LH:3
BRDA:8,0,0,0
BRDA:8,0,1,0
BRDA:8,1,0,0
BRDA:8,1,1,0
BRDA:26,2,0,0
BRDA:26,2,1,0
BRDA:26,2,2,0
BRF:7
BRH:0
end_of_record
TN:
SF:controllers\subscriptionController.js
FN:3,(anonymous_0)
FN:21,(anonymous_1)
FN:47,(anonymous_2)
FNF:3
FNH:3
FNDA:2,(anonymous_0)
FNDA:2,(anonymous_1)
FNDA:1,(anonymous_2)
DA:1,5
DA:3,5
DA:4,2
DA:5,2
DA:10,2
DA:11,1
DA:14,1
DA:16,0
DA:17,0
DA:21,5
DA:22,2
DA:23,2
DA:28,2
DA:29,1
DA:34,1
DA:35,1
DA:37,1
DA:38,1
DA:42,0
DA:43,0
DA:47,5
DA:48,1
DA:49,1
DA:53,1
DA:55,0
DA:56,0
LF:26
LH:20
BRDA:10,0,0,1
BRDA:10,0,1,1
BRDA:28,1,0,1
BRDA:28,1,1,1
BRF:4
BRH:4
end_of_record
TN:
SF:controllers\userController.js
FN:7,(anonymous_0)
FN:16,(anonymous_1)
FN:59,(anonymous_2)
FN:111,(anonymous_3)
FN:144,(anonymous_4)
FNF:5
FNH:5
FNDA:1,(anonymous_0)
FNDA:4,(anonymous_1)
FNDA:4,(anonymous_2)
FNDA:2,(anonymous_3)
FNDA:1,(anonymous_4)
DA:1,5
DA:2,5
DA:3,5
DA:4,5
DA:7,5
DA:8,1
DA:16,5
DA:17,4
DA:18,4
DA:19,4
DA:20,1
DA:26,3
DA:27,2
DA:28,1
DA:34,1
DA:36,1
DA:43,1
DA:45,1
DA:51,1
DA:52,1
DA:59,5
DA:60,4
DA:62,4
DA:63,4
DA:64,1
DA:70,3
DA:71,3
DA:72,1
DA:78,2
DA:79,2
DA:80,1
DA:86,1
DA:93,1
DA:97,1
DA:104,0
DA:111,5
DA:112,2
DA:114,2
DA:115,2
DA:116,2
DA:118,1
DA:122,1
DA:123,1
DA:125,1
DA:136,1
DA:137,1
DA:139,0
DA:140,0
DA:144,5
DA:145,1
DA:146,1
DA:148,1
DA:149,1
DA:150,0
DA:151,0
DA:153,0
DA:155,1
DA:156,1
DA:163,5
LF:59
LH:53
BRDA:19,0,0,1
BRDA:19,0,1,3
BRDA:19,1,0,4
BRDA:19,1,1,3
BRDA:19,1,2,3
BRDA:27,2,0,1
BRDA:27,2,1,1
BRDA:63,3,0,1
BRDA:63,3,1,3
BRDA:63,4,0,4
BRDA:63,4,1,4
BRDA:71,5,0,1
BRDA:71,5,1,2
BRDA:79,6,0,1
BRDA:79,6,1,1
BRDA:116,7,0,1
BRDA:116,7,1,1
BRF:17
BRH:17
end_of_record
TN:
SF:controllers\admin\billingManagement.js
FN:5,(anonymous_0)
FN:17,(anonymous_1)
FN:49,(anonymous_2)
FNF:3
FNH:0
FNDA:0,(anonymous_0)
FNDA:0,(anonymous_1)
FNDA:0,(anonymous_2)
DA:1,5
DA:2,5
DA:3,5
DA:5,5
DA:6,0
DA:7,0
DA:11,0
DA:13,0
DA:17,5
DA:18,0
DA:19,0
DA:20,0
DA:24,0
DA:31,0
DA:37,0
DA:43,0
DA:45,0
DA:49,5
DA:50,0
DA:51,0
DA:55,0
DA:57,0
DA:58,0
DA:62,5
LF:24
LH:7
BRF:0
BRH:0
end_of_record
TN:
SF:controllers\admin\conversationController.js
FN:6,(anonymous_0)
FN:19,(anonymous_1)
FN:32,(anonymous_2)
FN:61,(anonymous_3)
FN:83,(anonymous_4)
FNF:5
FNH:0
FNDA:0,(anonymous_0)
FNDA:0,(anonymous_1)
FNDA:0,(anonymous_2)
FNDA:0,(anonymous_3)
FNDA:0,(anonymous_4)
DA:1,5
DA:2,5
DA:3,5
DA:6,5
DA:7,0
DA:8,0
DA:11,0
DA:13,0
DA:14,0
DA:19,5
DA:20,0
DA:21,0
DA:24,0
DA:26,0
DA:27,0
DA:32,5
DA:33,0
DA:34,0
DA:36,0
DA:37,0
DA:38,0
DA:43,0
DA:51,0
DA:53,0
DA:55,0
DA:56,0
DA:61,5
DA:62,0
DA:63,0
DA:64,0
DA:66,0
DA:67,0
DA:71,0
DA:72,0
DA:75,0
DA:77,0
DA:78,0
DA:83,5
DA:84,0
DA:85,0
DA:87,0
DA:88,0
DA:91,0
DA:92,0
DA:96,0
DA:97,0
DA:101,0
DA:107,0
DA:109,0
DA:110,0
DA:114,5
LF:51
LH:9
BRDA:37,0,0,0
BRDA:37,0,1,0
BRDA:66,1,0,0
BRDA:66,1,1,0
BRDA:71,2,0,0
BRDA:71,2,1,0
BRDA:87,3,0,0
BRDA:87,3,1,0
BRDA:96,4,0,0
BRDA:96,4,1,0
BRF:10
BRH:0
end_of_record
TN:
SF:controllers\admin\goalController.js
FN:8,(anonymous_0)
FN:14,(anonymous_1)
FN:18,(anonymous_2)
FN:25,(anonymous_3)
FN:30,(anonymous_4)
FN:70,(anonymous_5)
FN:77,(anonymous_6)
FN:111,(anonymous_7)
FN:141,(anonymous_8)
FN:154,(anonymous_9)
FNF:10
FNH:0
FNDA:0,(anonymous_0)
FNDA:0,(anonymous_1)
FNDA:0,(anonymous_2)
FNDA:0,(anonymous_3)
FNDA:0,(anonymous_4)
FNDA:0,(anonymous_5)
FNDA:0,(anonymous_6)
FNDA:0,(anonymous_7)
FNDA:0,(anonymous_8)
FNDA:0,(anonymous_9)
DA:1,5
DA:2,5
DA:3,5
DA:4,5
DA:5,5
DA:8,5
DA:9,0
DA:14,0
DA:18,5
DA:19,0
DA:24,0
DA:25,0
DA:26,0
DA:30,5
DA:31,0
DA:32,0
DA:33,0
DA:35,0
DA:36,0
DA:41,0
DA:50,0
DA:52,0
DA:53,0
DA:55,0
DA:61,0
DA:62,0
DA:64,0
DA:65,0
DA:70,5
DA:71,0
DA:72,0
DA:73,0
DA:76,0
DA:78,0
DA:79,0
DA:80,0
DA:85,0
DA:86,0
DA:87,0
DA:92,0
DA:94,0
DA:96,0
DA:103,0
DA:105,0
DA:106,0
DA:111,5
DA:112,0
DA:113,0
DA:114,0
DA:115,0
DA:117,0
DA:118,0
DA:121,0
DA:126,0
DA:131,0
DA:132,0
DA:133,0
DA:135,0
DA:136,0
DA:141,5
DA:142,0
DA:143,0
DA:144,0
DA:145,0
DA:146,0
DA:147,0
DA:149,0
DA:150,0
DA:154,5
DA:155,0
DA:156,0
DA:162,0
DA:163,0
DA:164,0
DA:165,0
DA:170,0
DA:171,0
DA:172,0
DA:177,0
DA:180,0
DA:182,0
DA:183,0
DA:186,0
DA:187,0
DA:189,0
DA:197,0
LF:86
LH:12
BRDA:24,0,0,0
BRDA:24,0,1,0
BRDA:35,1,0,0
BRDA:35,1,1,0
BRDA:52,2,0,0
BRDA:52,2,1,0
BRDA:79,3,0,0
BRDA:79,3,1,0
BRDA:86,4,0,0
BRDA:86,4,1,0
BRDA:94,5,0,0
BRDA:94,5,1,0
BRDA:118,6,0,0
BRDA:118,6,1,0
BRDA:121,7,0,0
BRDA:121,7,1,0
BRDA:122,8,0,0
BRDA:122,8,1,0
BRDA:122,8,2,0
BRDA:146,9,0,0
BRDA:146,9,1,0
BRDA:164,10,0,0
BRDA:164,10,1,0
BRDA:171,11,0,0
BRDA:171,11,1,0
BRDA:180,12,0,0
BRDA:180,12,1,0
BRDA:180,13,0,0
BRDA:180,13,1,0
BRDA:186,14,0,0
BRDA:186,14,1,0
BRF:31
BRH:0
end_of_record
TN:
SF:controllers\admin\logManagement.js
FN:4,(anonymous_0)
FN:44,(anonymous_1)
FN:70,(anonymous_2)
FN:91,(anonymous_3)
FN:149,(anonymous_4)
FN:171,(anonymous_5)
FN:182,(anonymous_6)
FN:185,(anonymous_7)
FN:194,(anonymous_8)
FN:210,(anonymous_9)
FN:212,(anonymous_10)
FN:212,(anonymous_11)
FN:219,(anonymous_12)
FN:220,(anonymous_13)
FN:222,(anonymous_14)
FN:222,(anonymous_15)
FN:241,(anonymous_16)
FN:247,(anonymous_17)
FN:249,(anonymous_18)
FN:254,(anonymous_19)
FN:260,(anonymous_20)
FN:263,(anonymous_21)
FN:273,(anonymous_22)
FN:276,(anonymous_23)
FN:280,(anonymous_24)
FN:282,(anonymous_25)
FN:295,(anonymous_26)
FN:299,(anonymous_27)
FN:302,(anonymous_28)
FN:313,(anonymous_29)
FN:316,(anonymous_30)
FN:325,(anonymous_31)
FN:326,(anonymous_32)
FN:329,(anonymous_33)
FN:330,(anonymous_34)
FN:337,(anonymous_35)
FN:341,(anonymous_36)
FN:348,(anonymous_37)
FN:350,(anonymous_38)
FN:352,(anonymous_39)
FN:364,(anonymous_40)
FN:367,(anonymous_41)
FN:369,(anonymous_42)
FN:372,(anonymous_43)
FN:385,(anonymous_44)
FN:387,(anonymous_45)
FN:391,(anonymous_46)
FN:399,(anonymous_47)
FN:417,(anonymous_48)
FN:420,(anonymous_49)
FN:436,(anonymous_50)
FN:439,(anonymous_51)
FN:475,(anonymous_52)
FN:486,(anonymous_53)
FN:489,(anonymous_54)
FN:506,(anonymous_55)
FN:508,(anonymous_56)
FN:513,(anonymous_57)
FN:519,(anonymous_58)
FN:520,(anonymous_59)
FN:522,(anonymous_60)
FN:535,(anonymous_61)
FN:551,(anonymous_62)
FN:554,(anonymous_63)
FN:568,(anonymous_64)
FN:584,(anonymous_65)
FN:600,(anonymous_66)
FN:602,(anonymous_67)
FN:607,(anonymous_68)
FN:693,(anonymous_69)
FN:719,(anonymous_70)
FN:753,(anonymous_71)
FNF:72
FNH:0
FNDA:0,(anonymous_0)
FNDA:0,(anonymous_1)
FNDA:0,(anonymous_2)
FNDA:0,(anonymous_3)
FNDA:0,(anonymous_4)
FNDA:0,(anonymous_5)
FNDA:0,(anonymous_6)
FNDA:0,(anonymous_7)
FNDA:0,(anonymous_8)
FNDA:0,(anonymous_9)
FNDA:0,(anonymous_10)
FNDA:0,(anonymous_11)
FNDA:0,(anonymous_12)
FNDA:0,(anonymous_13)
FNDA:0,(anonymous_14)
FNDA:0,(anonymous_15)
FNDA:0,(anonymous_16)
FNDA:0,(anonymous_17)
FNDA:0,(anonymous_18)
FNDA:0,(anonymous_19)
FNDA:0,(anonymous_20)
FNDA:0,(anonymous_21)
FNDA:0,(anonymous_22)
FNDA:0,(anonymous_23)
FNDA:0,(anonymous_24)
FNDA:0,(anonymous_25)
FNDA:0,(anonymous_26)
FNDA:0,(anonymous_27)
FNDA:0,(anonymous_28)
FNDA:0,(anonymous_29)
FNDA:0,(anonymous_30)
FNDA:0,(anonymous_31)
FNDA:0,(anonymous_32)
FNDA:0,(anonymous_33)
FNDA:0,(anonymous_34)
FNDA:0,(anonymous_35)
FNDA:0,(anonymous_36)
FNDA:0,(anonymous_37)
FNDA:0,(anonymous_38)
FNDA:0,(anonymous_39)
FNDA:0,(anonymous_40)
FNDA:0,(anonymous_41)
FNDA:0,(anonymous_42)
FNDA:0,(anonymous_43)
FNDA:0,(anonymous_44)
FNDA:0,(anonymous_45)
FNDA:0,(anonymous_46)
FNDA:0,(anonymous_47)
FNDA:0,(anonymous_48)
FNDA:0,(anonymous_49)
FNDA:0,(anonymous_50)
FNDA:0,(anonymous_51)
FNDA:0,(anonymous_52)
FNDA:0,(anonymous_53)
FNDA:0,(anonymous_54)
FNDA:0,(anonymous_55)
FNDA:0,(anonymous_56)
FNDA:0,(anonymous_57)
FNDA:0,(anonymous_58)
FNDA:0,(anonymous_59)
FNDA:0,(anonymous_60)
FNDA:0,(anonymous_61)
FNDA:0,(anonymous_62)
FNDA:0,(anonymous_63)
FNDA:0,(anonymous_64)
FNDA:0,(anonymous_65)
FNDA:0,(anonymous_66)
FNDA:0,(anonymous_67)
FNDA:0,(anonymous_68)
FNDA:0,(anonymous_69)
FNDA:0,(anonymous_70)
FNDA:0,(anonymous_71)
DA:1,5
DA:2,5
DA:4,5
DA:5,0
DA:7,0
DA:10,0
DA:11,0
DA:13,0
DA:17,0
DA:18,0
DA:19,0
DA:23,0
DA:33,0
DA:34,0
DA:35,0
DA:37,0
DA:39,0
DA:40,0
DA:44,5
DA:45,0
DA:46,0
DA:47,0
DA:48,0
DA:50,0
DA:52,0
DA:57,0
DA:65,0
DA:66,0
DA:70,5
DA:71,0
DA:72,0
DA:74,0
DA:75,0
DA:78,0
DA:79,0
DA:84,0
DA:86,0
DA:87,0
DA:91,5
DA:92,0
DA:93,0
DA:94,0
DA:95,0
DA:96,0
DA:98,0
DA:99,0
DA:100,0
DA:103,0
DA:104,0
DA:106,0
DA:107,0
DA:110,0
DA:112,0
DA:113,0
DA:114,0
DA:116,0
DA:117,0
DA:118,0
DA:119,0
DA:120,0
DA:122,0
DA:126,0
DA:128,0
DA:129,0
DA:131,0
DA:135,0
DA:140,0
DA:141,0
DA:143,0
DA:145,0
DA:149,5
DA:150,0
DA:151,0
DA:153,0
DA:154,0
DA:157,0
DA:158,0
DA:162,0
DA:164,0
DA:166,0
DA:167,0
DA:171,5
DA:172,0
DA:173,0
DA:182,0
DA:183,0
DA:184,0
DA:185,0
DA:186,0
DA:187,0
DA:191,0
DA:192,0
DA:193,0
DA:194,0
DA:195,0
DA:196,0
DA:198,0
DA:199,0
DA:201,0
DA:202,0
DA:204,0
DA:205,0
DA:210,0
DA:211,0
DA:212,0
DA:215,0
DA:218,0
DA:219,0
DA:220,0
DA:221,0
DA:222,0
DA:224,0
DA:227,0
DA:229,0
DA:231,0
DA:241,5
DA:242,0
DA:243,0
DA:247,0
DA:249,0
DA:250,0
DA:253,0
DA:255,0
DA:256,0
DA:258,0
DA:260,0
DA:263,0
DA:266,0
DA:273,5
DA:274,0
DA:275,0
DA:276,0
DA:280,0
DA:282,0
DA:283,0
DA:284,0
DA:289,0
DA:294,0
DA:296,0
DA:297,0
DA:299,0
DA:300,0
DA:302,0
DA:303,0
DA:305,0
DA:313,0
DA:316,5
DA:317,0
DA:318,0
DA:319,0
DA:320,0
DA:325,5
DA:326,0
DA:327,0
DA:329,0
DA:330,0
DA:332,0
DA:333,0
DA:336,0
DA:337,0
DA:340,0
DA:341,0
DA:345,0
DA:348,5
DA:349,0
DA:350,0
DA:352,0
DA:353,0
DA:355,0
DA:356,0
DA:357,0
DA:358,0
DA:359,0
DA:360,0
DA:364,0
DA:367,5
DA:368,0
DA:369,0
DA:372,0
DA:373,0
DA:374,0
DA:376,0
DA:379,0
DA:382,0
DA:385,5
DA:386,0
DA:387,0
DA:391,0
DA:392,0
DA:393,0
DA:394,0
DA:397,0
DA:399,0
DA:400,0
DA:401,0
DA:404,0
DA:408,0
DA:410,0
DA:411,0
DA:413,0
DA:417,5
DA:418,0
DA:420,0
DA:421,0
DA:422,0
DA:423,0
DA:424,0
DA:425,0
DA:427,0
DA:428,0
DA:430,0
DA:433,0
DA:436,5
DA:437,0
DA:439,0
DA:440,0
DA:442,0
DA:443,0
DA:444,0
DA:446,0
DA:447,0
DA:449,0
DA:453,0
DA:454,0
DA:463,0
DA:464,0
DA:465,0
DA:467,0
DA:470,0
DA:474,0
DA:475,0
DA:486,0
DA:489,5
DA:490,0
DA:492,0
DA:493,0
DA:495,0
DA:496,0
DA:498,0
DA:499,0
DA:502,0
DA:503,0
DA:506,5
DA:507,0
DA:508,0
DA:509,0
DA:510,0
DA:512,0
DA:513,0
DA:519,5
DA:520,0
DA:522,0
DA:523,0
DA:524,0
DA:525,0
DA:527,0
DA:530,0
DA:532,0
DA:535,0
DA:536,0
DA:537,0
DA:538,0
DA:540,0
DA:543,0
DA:545,0
DA:548,0
DA:551,5
DA:552,0
DA:553,0
DA:554,0
DA:556,0
DA:557,0
DA:558,0
DA:559,0
DA:561,0
DA:562,0
DA:563,0
DA:565,0
DA:566,0
DA:568,0
DA:569,0
DA:570,0
DA:571,0
DA:572,0
DA:576,0
DA:580,0
DA:584,0
DA:585,0
DA:586,0
DA:587,0
DA:589,0
DA:592,0
DA:594,0
DA:597,0
DA:599,0
DA:600,0
DA:603,0
DA:607,0
DA:621,0
DA:622,0
DA:623,0
DA:625,0
DA:626,0
DA:627,0
DA:631,0
DA:632,0
DA:633,0
DA:637,0
DA:638,0
DA:639,0
DA:650,0
DA:652,0
DA:653,0
DA:654,0
DA:655,0
DA:658,0
DA:659,0
DA:661,0
DA:688,0
DA:689,0
DA:693,5
DA:694,0
DA:695,0
DA:696,0
DA:698,0
DA:699,0
DA:705,0
DA:706,0
DA:708,0
DA:717,0
DA:719,0
DA:721,0
DA:723,0
DA:724,0
DA:727,0
DA:728,0
DA:729,0
DA:730,0
DA:731,0
DA:732,0
DA:737,0
DA:738,0
DA:739,0
DA:742,0
DA:743,0
DA:746,0
DA:748,0
DA:749,0
DA:753,5
DA:754,0
DA:755,0
DA:756,0
DA:761,0
DA:762,0
DA:770,0
DA:772,0
DA:773,0
DA:777,5
LF:358
LH:24
BRDA:11,0,0,0
BRDA:11,0,1,0
BRDA:17,1,0,0
BRDA:17,1,1,0
BRDA:18,2,0,0
BRDA:18,2,1,0
BRDA:28,3,0,0
BRDA:28,3,1,0
BRDA:34,4,0,0
BRDA:34,4,1,0
BRDA:46,5,0,0
BRDA:46,5,1,0
BRDA:47,6,0,0
BRDA:47,6,1,0
BRDA:74,7,0,0
BRDA:74,7,1,0
BRDA:78,8,0,0
BRDA:78,8,1,0
BRDA:94,9,0,0
BRDA:94,9,1,0
BRDA:95,10,0,0
BRDA:95,10,1,0
BRDA:99,11,0,0
BRDA:99,11,1,0
BRDA:103,12,0,0
BRDA:103,12,1,0
BRDA:106,13,0,0
BRDA:106,13,1,0
BRDA:106,14,0,0
BRDA:106,14,1,0
BRDA:112,15,0,0
BRDA:112,15,1,0
BRDA:112,16,0,0
BRDA:112,16,1,0
BRDA:119,17,0,0
BRDA:119,17,1,0
BRDA:120,18,0,0
BRDA:120,18,1,0
BRDA:120,18,2,0
BRDA:122,19,0,0
BRDA:122,19,1,0
BRDA:128,20,0,0
BRDA:128,20,1,0
BRDA:140,21,0,0
BRDA:140,21,1,0
BRDA:153,22,0,0
BRDA:153,22,1,0
BRDA:157,23,0,0
BRDA:157,23,1,0
BRDA:172,24,0,0
BRDA:172,24,1,0
BRDA:195,25,0,0
BRDA:195,25,1,0
BRDA:198,26,0,0
BRDA:198,26,1,0
BRDA:201,27,0,0
BRDA:201,27,1,0
BRDA:204,28,0,0
BRDA:204,28,1,0
BRDA:215,29,0,0
BRDA:215,29,1,0
BRDA:224,30,0,0
BRDA:224,30,1,0
BRDA:229,31,0,0
BRDA:229,31,1,0
BRDA:242,32,0,0
BRDA:242,32,1,0
BRDA:247,33,0,0
BRDA:247,33,1,0
BRDA:255,34,0,0
BRDA:255,34,1,0
BRDA:255,35,0,0
BRDA:255,35,1,0
BRDA:256,36,0,0
BRDA:256,36,1,0
BRDA:263,37,0,0
BRDA:263,37,1,0
BRDA:276,38,0,0
BRDA:276,38,1,0
BRDA:276,38,2,0
BRDA:283,39,0,0
BRDA:283,39,1,0
BRDA:300,40,0,0
BRDA:300,40,1,0
BRDA:303,41,0,0
BRDA:303,41,1,0
BRDA:317,42,0,0
BRDA:317,42,1,0
BRDA:317,43,0,0
BRDA:317,43,1,0
BRDA:318,44,0,0
BRDA:318,44,1,0
BRDA:319,45,0,0
BRDA:319,45,1,0
BRDA:320,46,0,0
BRDA:320,46,1,0
BRDA:327,47,0,0
BRDA:327,47,1,0
BRDA:336,48,0,0
BRDA:336,48,1,0
BRDA:340,49,0,0
BRDA:340,49,1,0
BRDA:353,50,0,0
BRDA:353,50,1,0
BRDA:356,51,0,0
BRDA:356,51,1,0
BRDA:357,52,0,0
BRDA:357,52,1,0
BRDA:357,53,0,0
BRDA:357,53,1,0
BRDA:358,54,0,0
BRDA:358,54,1,0
BRDA:358,55,0,0
BRDA:358,55,1,0
BRDA:359,56,0,0
BRDA:359,56,1,0
BRDA:359,57,0,0
BRDA:359,57,1,0
BRDA:360,58,0,0
BRDA:360,58,1,0
BRDA:369,59,0,0
BRDA:369,59,1,0
BRDA:373,60,0,0
BRDA:373,60,1,0
BRDA:374,61,0,0
BRDA:374,61,1,0
BRDA:376,62,0,0
BRDA:376,62,1,0
BRDA:382,63,0,0
BRDA:382,63,1,0
BRDA:387,64,0,0
BRDA:387,64,1,0
BRDA:392,65,0,0
BRDA:392,65,1,0
BRDA:393,66,0,0
BRDA:393,66,1,0
BRDA:400,67,0,0
BRDA:400,67,1,0
BRDA:401,68,0,0
BRDA:401,68,1,0
BRDA:404,69,0,0
BRDA:404,69,1,0
BRDA:410,70,0,0
BRDA:410,70,1,0
BRDA:421,71,0,0
BRDA:421,71,1,0
BRDA:421,72,0,0
BRDA:421,72,1,0
BRDA:421,72,2,0
BRDA:422,73,0,0
BRDA:422,73,1,0
BRDA:427,74,0,0
BRDA:427,74,1,0
BRDA:440,75,0,0
BRDA:440,75,1,0
BRDA:440,76,0,0
BRDA:440,76,1,0
BRDA:442,77,0,0
BRDA:442,77,1,0
BRDA:446,78,0,0
BRDA:446,78,1,0
BRDA:447,79,0,0
BRDA:447,79,1,0
BRDA:449,80,0,0
BRDA:449,80,1,0
BRDA:453,81,0,0
BRDA:453,81,1,0
BRDA:463,82,0,0
BRDA:463,82,1,0
BRDA:480,83,0,0
BRDA:480,83,1,0
BRDA:490,84,0,0
BRDA:490,84,1,0
BRDA:498,85,0,0
BRDA:498,85,1,0
BRDA:499,86,0,0
BRDA:499,86,1,0
BRDA:503,87,0,0
BRDA:503,87,1,0
BRDA:509,88,0,0
BRDA:509,88,1,0
BRDA:510,89,0,0
BRDA:510,89,1,0
BRDA:512,90,0,0
BRDA:512,90,1,0
BRDA:523,91,0,0
BRDA:523,91,1,0
BRDA:523,92,0,0
BRDA:523,92,1,0
BRDA:524,93,0,0
BRDA:524,93,1,0
BRDA:525,94,0,0
BRDA:525,94,1,0
BRDA:527,95,0,0
BRDA:527,95,1,0
BRDA:530,96,0,0
BRDA:530,96,1,0
BRDA:536,97,0,0
BRDA:536,97,1,0
BRDA:536,98,0,0
BRDA:536,98,1,0
BRDA:537,99,0,0
BRDA:537,99,1,0
BRDA:538,100,0,0
BRDA:538,100,1,0
BRDA:540,101,0,0
BRDA:540,101,1,0
BRDA:543,102,0,0
BRDA:543,102,1,0
BRDA:548,103,0,0
BRDA:548,103,1,0
BRDA:565,104,0,0
BRDA:565,104,1,0
BRDA:566,105,0,0
BRDA:566,105,1,0
BRDA:569,106,0,0
BRDA:569,106,1,0
BRDA:569,107,0,0
BRDA:569,107,1,0
BRDA:570,108,0,0
BRDA:570,108,1,0
BRDA:571,109,0,0
BRDA:571,109,1,0
BRDA:572,110,0,0
BRDA:572,110,1,0
BRDA:580,111,0,0
BRDA:580,111,1,0
BRDA:585,112,0,0
BRDA:585,112,1,0
BRDA:585,113,0,0
BRDA:585,113,1,0
BRDA:586,114,0,0
BRDA:586,114,1,0
BRDA:587,115,0,0
BRDA:587,115,1,0
BRDA:589,116,0,0
BRDA:589,116,1,0
BRDA:603,117,0,0
BRDA:603,117,1,0
BRDA:604,118,0,0
BRDA:604,118,1,0
BRDA:613,119,0,0
BRDA:613,119,1,0
BRDA:613,120,0,0
BRDA:613,120,1,0
BRDA:614,121,0,0
BRDA:614,121,1,0
BRDA:615,122,0,0
BRDA:615,122,1,0
BRDA:616,123,0,0
BRDA:616,123,1,0
BRDA:618,124,0,0
BRDA:618,124,1,0
BRDA:627,125,0,0
BRDA:627,125,1,0
BRDA:628,126,0,0
BRDA:628,126,1,0
BRDA:634,127,0,0
BRDA:634,127,1,0
BRDA:635,128,0,0
BRDA:635,128,1,0
BRDA:640,129,0,0
BRDA:640,129,1,0
BRDA:642,130,0,0
BRDA:642,130,1,0
BRDA:675,131,0,0
BRDA:675,131,1,0
BRDA:698,132,0,0
BRDA:698,132,1,0
BRDA:698,133,0,0
BRDA:698,133,1,0
BRDA:723,134,0,0
BRDA:723,134,1,0
BRDA:730,135,0,0
BRDA:730,135,1,0
BRDA:731,136,0,0
BRDA:731,136,1,0
BRDA:755,137,0,0
BRDA:755,137,1,0
BRDA:755,138,0,0
BRDA:755,138,1,0
BRF:281
BRH:0
end_of_record
TN:
SF:controllers\admin\notificationController.js
FN:3,(anonymous_0)
FN:11,(anonymous_1)
FNF:2
FNH:2
FNDA:1,(anonymous_0)
FNDA:1,(anonymous_1)
DA:1,5
DA:3,5
DA:4,1
DA:5,1
DA:7,1
DA:8,0
DA:11,5
DA:12,1
DA:13,1
DA:14,1
DA:15,0
DA:18,5
LF:12
LH:10
BRF:0
BRH:0
end_of_record
TN:
SF:controllers\admin\profileManagement.js
FN:5,(anonymous_0)
FN:48,(anonymous_1)
FNF:2
FNH:2
FNDA:2,(anonymous_0)
FNDA:2,(anonymous_1)
DA:1,5
DA:2,5
DA:3,5
DA:5,5
DA:6,2
DA:8,2
DA:13,2
DA:14,1
DA:17,1
DA:18,1
DA:19,0
DA:22,1
DA:25,1
DA:26,1
DA:27,1
DA:30,1
DA:42,1
DA:44,0
DA:45,0
DA:48,5
DA:49,2
DA:50,2
DA:52,2
DA:54,2
DA:55,2
DA:56,2
DA:58,2
DA:59,0
DA:63,2
DA:65,1
DA:74,1
DA:75,1
DA:76,1
DA:77,1
DA:81,2
DA:82,1
DA:85,1
DA:89,2
DA:90,2
DA:92,2
DA:93,1
DA:94,1
DA:98,2
DA:101,1
DA:106,1
DA:108,1
DA:109,1
DA:112,5
LF:48
LH:44
BRDA:13,0,0,1
BRDA:13,0,1,1
BRDA:18,1,0,0
BRDA:18,1,1,1
BRDA:25,2,0,1
BRDA:25,2,1,0
BRDA:26,3,0,1
BRDA:26,3,1,0
BRDA:27,4,0,1
BRDA:27,4,1,0
BRDA:35,5,0,0
BRDA:35,5,1,1
BRDA:58,6,0,0
BRDA:58,6,1,2
BRDA:63,7,0,1
BRDA:63,7,1,1
BRDA:70,8,0,0
BRDA:70,8,1,1
BRDA:74,9,0,1
BRDA:74,9,1,0
BRDA:75,10,0,1
BRDA:75,10,1,0
BRDA:76,11,0,1
BRDA:76,11,1,0
BRDA:77,12,0,0
BRDA:77,12,1,1
BRDA:81,13,0,1
BRDA:81,13,1,1
BRDA:89,14,0,2
BRDA:89,14,1,1
BRDA:90,15,0,2
BRDA:90,15,1,1
BRDA:92,16,0,1
BRDA:92,16,1,1
BRDA:92,17,0,2
BRDA:92,17,1,1
BRF:36
BRH:25
end_of_record
TN:
SF:controllers\admin\securityController.js
FN:10,(anonymous_0)
FN:43,(anonymous_1)
FN:61,(anonymous_2)
FNF:3
FNH:0
FNDA:0,(anonymous_0)
FNDA:0,(anonymous_1)
FNDA:0,(anonymous_2)
DA:1,5
DA:2,5
DA:3,5
DA:4,5
DA:5,5
DA:6,5
DA:7,5
DA:8,5
DA:10,5
DA:11,0
DA:13,0
DA:14,0
DA:17,0
DA:18,0
DA:20,0
DA:21,0
DA:22,0
DA:25,0
DA:26,0
DA:27,0
DA:29,0
DA:35,0
DA:37,0
DA:39,0
DA:43,5
DA:44,0
DA:45,0
DA:46,0
DA:47,0
DA:48,0
DA:50,0
DA:52,0
DA:57,0
DA:61,5
DA:62,0
DA:63,0
DA:64,0
DA:65,0
DA:66,0
DA:67,0
DA:69,0
DA:77,0
DA:79,0
DA:83,5
LF:44
LH:12
BRDA:13,0,0,0
BRDA:13,0,1,0
BRDA:21,1,0,0
BRDA:21,1,1,0
BRF:4
BRH:0
end_of_record
TN:
SF:controllers\admin\userManagement.js
FN:4,(anonymous_0)
FN:83,(anonymous_1)
FN:97,(anonymous_2)
FN:130,(anonymous_3)
FNF:4
FNH:0
FNDA:0,(anonymous_0)
FNDA:0,(anonymous_1)
FNDA:0,(anonymous_2)
FNDA:0,(anonymous_3)
DA:1,5
DA:2,5
DA:4,5
DA:5,0
DA:6,0
DA:7,0
DA:8,0
DA:9,0
DA:11,0
DA:14,0
DA:15,0
DA:18,0
DA:21,0
DA:28,0
DA:32,0
DA:34,0
DA:67,0
DA:78,0
DA:79,0
DA:83,5
DA:84,0
DA:85,0
DA:86,0
DA:87,0
DA:91,0
DA:97,5
DA:98,0
DA:99,0
DA:101,0
DA:103,0
DA:109,0
DA:114,0
DA:123,0
DA:124,0
DA:130,5
DA:131,0
DA:132,0
DA:133,0
DA:134,0
DA:138,0
LF:40
LH:6
BRDA:6,0,0,0
BRDA:6,0,1,0
BRDA:7,1,0,0
BRDA:7,1,1,0
BRDA:9,2,0,0
BRDA:9,2,1,0
BRDA:32,3,0,0
BRDA:32,3,1,0
BRF:8
BRH:0
end_of_record
TN:
SF:middlewares\authenticateUser.js
FN:4,(anonymous_0)
FN:23,(anonymous_1)
FN:33,(anonymous_2)
FNF:3
FNH:3
FNDA:12,(anonymous_0)
FNDA:2,(anonymous_1)
FNDA:6,(anonymous_2)
DA:1,5
DA:2,5
DA:4,5
DA:5,12
DA:6,12
DA:7,12
DA:8,0
DA:10,12
DA:11,12
DA:12,12
DA:13,12
DA:14,0
DA:16,12
DA:17,12
DA:19,0
DA:23,5
DA:24,2
DA:25,1
DA:27,1
DA:33,5
DA:34,6
DA:35,6
DA:37,0
LF:23
LH:19
BRDA:7,0,0,0
BRDA:7,0,1,12
BRDA:7,1,0,12
BRDA:7,1,1,12
BRDA:13,2,0,0
BRDA:13,2,1,12
BRDA:24,3,0,1
BRDA:24,3,1,1
BRDA:24,4,0,2
BRDA:24,4,1,2
BRDA:34,5,0,6
BRDA:34,5,1,0
BRDA:34,6,0,6
BRDA:34,6,1,6
BRDA:34,6,2,6
BRF:15
BRH:12
end_of_record
TN:
SF:middlewares\fileUpload.js
FN:6,(anonymous_0)
FN:7,(anonymous_1)
FN:13,(anonymous_2)
FN:24,(anonymous_3)
FN:26,(anonymous_4)
FN:30,(anonymous_5)
FNF:6
FNH:4
FNDA:1,(anonymous_0)
FNDA:1,(anonymous_1)
FNDA:1,(anonymous_2)
FNDA:20,(anonymous_3)
FNDA:0,(anonymous_4)
FNDA:0,(anonymous_5)
DA:1,5
DA:2,5
DA:4,5
DA:6,1
DA:8,1
DA:9,1
DA:13,5
DA:14,1
DA:15,0
DA:17,5
DA:23,5
DA:24,20
DA:27,0
DA:30,0
LF:14
LH:11
BRDA:14,0,0,1
BRDA:14,0,1,0
BRF:2
BRH:1
end_of_record
TN:
SF:middlewares\socketManager.js
FN:9,(anonymous_0)
FN:22,(anonymous_1)
FNF:2
FNH:1
FNDA:4,(anonymous_0)
FNDA:0,(anonymous_1)
DA:3,4
DA:10,4
DA:16,4
DA:23,0
DA:24,0
DA:26,0
LF:6
LH:3
BRDA:23,0,0,0
BRDA:23,0,1,0
BRF:2
BRH:0
end_of_record
TN:
SF:models\Conversation.js
FNF:0
FNH:0
DA:1,5
DA:3,5
DA:10,5
LF:3
LH:3
BRF:0
BRH:0
end_of_record
TN:
SF:models\Goal.js
FNF:0
FNH:0
DA:1,5
DA:3,5
DA:14,5
DA:16,5
LF:4
LH:4
BRF:0
BRH:0
end_of_record
TN:
SF:models\Message.js
FNF:0
FNH:0
DA:1,5
DA:3,5
DA:31,5
LF:3
LH:3
BRF:0
BRH:0
end_of_record
TN:
SF:models\Notification.js
FNF:0
FNH:0
DA:1,5
DA:3,5
DA:24,5
LF:3
LH:3
BRF:0
BRH:0
end_of_record
TN:
SF:models\Payment.js
FNF:0
FNH:0
DA:1,5
DA:3,5
DA:36,5
LF:3
LH:3
BRF:0
BRH:0
end_of_record
TN:
SF:models\Profile.js
FNF:0
FNH:0
DA:1,5
DA:3,5
DA:36,5
LF:3
LH:3
BRF:0
BRH:0
end_of_record
TN:
SF:models\Subscription.js
FN:40,(anonymous_0)
FNF:1
FNH:1
FNDA:3,(anonymous_0)
DA:1,5
DA:3,5
DA:40,5
DA:41,3
DA:42,2
DA:43,2
DA:44,1
DA:46,1
DA:49,3
DA:52,5
LF:10
LH:10
BRDA:41,0,0,2
BRDA:41,0,1,1
BRDA:43,1,0,1
BRDA:43,1,1,1
BRF:4
BRH:4
end_of_record
TN:
SF:models\Trade.js
FNF:0
FNH:0
DA:1,5
DA:2,5
DA:4,5
DA:86,5
DA:88,5
LF:5
LH:5
BRF:0
BRH:0
end_of_record
TN:
SF:models\User.js
FNF:0
FNH:0
DA:1,5
DA:3,5
DA:27,5
LF:3
LH:3
BRF:0
BRH:0
end_of_record
TN:
SF:routes\checkoutRoutes.js
FNF:0
FNH:0
DA:1,5
DA:2,5
DA:3,5
DA:5,5
DA:6,5
DA:8,5
LF:6
LH:6
BRF:0
BRH:0
end_of_record
TN:
SF:routes\paymentRoutes.js
FNF:0
FNH:0
DA:1,5
DA:5,5
DA:6,5
DA:8,5
DA:10,5
DA:11,5
DA:14,5
LF:7
LH:7
BRF:0
BRH:0
end_of_record
TN:
SF:routes\subscriptionRoutes.js
FNF:0
FNH:0
DA:1,5
DA:6,5
DA:7,5
DA:9,5
DA:11,5
DA:12,5
DA:13,5
DA:15,5
LF:8
LH:8
BRF:0
BRH:0
end_of_record
TN:
SF:routes\userRoutes.js
FNF:0
FNH:0
DA:1,5
DA:2,5
DA:3,5
DA:5,5
DA:6,5
DA:7,5
DA:8,5
DA:10,5
LF:8
LH:8
BRF:0
BRH:0
end_of_record
TN:
SF:routes\admin\adminRoutes.js
FNF:0
FNH:0
DA:1,5
DA:2,5
DA:3,5
DA:4,5
DA:6,5
DA:7,5
DA:8,5
DA:9,5
DA:12,5
LF:9
LH:9
BRF:0
BRH:0
end_of_record
TN:
SF:routes\admin\billingRoutes.js
FNF:0
FNH:0
DA:1,5
DA:2,5
DA:6,5
DA:11,5
DA:13,5
DA:14,5
DA:15,5
DA:18,5
LF:8
LH:8
BRF:0
BRH:0
end_of_record
TN:
SF:routes\admin\conversationRoutes.js
FNF:0
FNH:0
DA:1,5
DA:2,5
DA:3,5
DA:10,5
DA:11,5
DA:13,5
DA:14,5
DA:15,5
DA:21,5
DA:22,5
DA:25,5
LF:11
LH:11
BRF:0
BRH:0
end_of_record
TN:
SF:routes\admin\goalRoutes.js
FNF:0
FNH:0
DA:1,5
DA:2,5
DA:3,5
DA:7,5
DA:9,5
DA:10,5
DA:11,5
DA:12,5
DA:14,5
LF:9
LH:9
BRF:0
BRH:0
end_of_record
TN:
SF:routes\admin\logRoutes.js
FNF:0
FNH:0
DA:1,5
DA:2,5
DA:14,5
DA:17,5
DA:19,5
DA:24,5
DA:25,5
DA:26,5
DA:27,5
DA:31,5
DA:37,5
LF:11
LH:11
BRF:0
BRH:0
end_of_record
TN:
SF:routes\admin\notificationRoutes.js
FNF:0
FNH:0
DA:1,5
DA:2,5
DA:6,5
DA:10,5
DA:12,5
DA:13,5
DA:15,5
LF:7
LH:7
BRF:0
BRH:0
end_of_record
TN:
SF:routes\admin\profileRoutes.js
FNF:0
FNH:0
DA:1,5
DA:5,5
DA:9,5
DA:10,5
DA:11,5
DA:13,5
DA:14,5
DA:22,5
LF:8
LH:8
BRF:0
BRH:0
end_of_record
TN:
SF:routes\admin\securityRoutes.js
FNF:0
FNH:0
DA:1,5
DA:2,5
DA:6,5
DA:11,5
DA:13,5
DA:14,5
DA:15,5
DA:17,5
LF:8
LH:8
BRF:0
BRH:0
end_of_record
TN:
SF:services\scheduler.js
FN:11,(anonymous_0)
FN:26,(anonymous_1)
FN:47,(anonymous_2)
FNF:3
FNH:0
FNDA:0,(anonymous_0)
FNDA:0,(anonymous_1)
FNDA:0,(anonymous_2)
DA:1,5
DA:2,5
DA:3,5
DA:4,5
DA:5,5
DA:9,5
DA:11,5
DA:12,0
DA:13,0
DA:14,0
DA:15,0
DA:17,0
DA:18,0
DA:24,0
DA:25,0
DA:26,0
DA:29,0
DA:31,0
DA:39,0
DA:43,0
DA:47,5
DA:49,0
DA:54,5
LF:23
LH:9
BRDA:24,0,0,0
BRDA:24,0,1,0
BRF:2
BRH:0
end_of_record
TN:
SF:utils\tradeUtils.js
FN:3,(anonymous_0)
FNF:1
FNH:0
FNDA:0,(anonymous_0)
DA:1,5
DA:3,5
DA:4,0
DA:5,0
DA:6,0
DA:7,0
DA:12,5
LF:7
LH:3
BRDA:4,0,0,0
BRDA:4,0,1,0
BRDA:4,1,0,0
BRDA:4,1,1,0
BRDA:5,2,0,0
BRDA:5,2,1,0
BRDA:6,3,0,0
BRDA:6,3,1,0
BRDA:7,4,0,0
BRDA:7,4,1,0
BRF:10
BRH:0
end_of_record
